#
# There is insufficient memory for the Java Runtime Environment to continue.
# Native memory allocation (mmap) failed to map 4030464 bytes. Error detail: G1 virtual space
# Possible reasons:
#   The system is out of physical RAM or swap space
#   This process is running with CompressedOops enabled, and the Java Heap may be blocking the growth of the native heap
# Possible solutions:
#   Reduce memory load on the system
#   Increase physical memory or swap space
#   Check if swap backing store is full
#   Decrease Java heap size (-Xmx/-Xms)
#   Decrease number of Java threads
#   Decrease Java thread stack sizes (-Xss)
#   Set larger code cache with -XX:ReservedCodeCacheSize=
#   JVM is running with Unscaled Compressed Oops mode in which the Java heap is
#     placed in the first 4GB address space. The Java Heap base address is the
#     maximum limit for the native heap growth. Please use -XX:HeapBaseMinAddress
#     to set the Java Heap base and to place the Java Heap above 4GB virtual address.
# This output file may be truncated or incomplete.
#
#  Out of Memory Error (os_windows.cpp:3613), pid=22636, tid=22860
#
# JRE version:  (17.0.11+9) (build )
# Java VM: OpenJDK 64-Bit Server VM (17.0.11+9, mixed mode, emulated-client, sharing, tiered, compressed oops, compressed class ptrs, g1 gc, windows-amd64)
# No core dump will be written. Minidumps are not enabled by default on client versions of Windows
#

---------------  S U M M A R Y ------------

Command Line: -Xmx1024m -Dsts.lsp.client=vscode -Dsts.log.file=/dev/null -XX:TieredStopAtLevel=1 -Xlog:jni+resolve=off -Dspring.config.location=file:c:\Users\ALVARO\.vscode\extensions\vmware.vscode-spring-boot-1.55.1\language-server\BOOT-INF\classes\application.properties org.springframework.ide.vscode.boot.app.BootLanguageServerBootApp

Host: AMD Ryzen 7 4800H with Radeon Graphics         , 16 cores, 15G,  Windows 11 , 64 bit Build 22621 (10.0.22621.3672)
Time: Tue Jul 16 19:21:25 2024 Hora est. Pacífico, Sudamérica elapsed time: 0.010972 seconds (0d 0h 0m 0s)

---------------  T H R E A D  ---------------

Current thread (0x000002060be28bb0):  JavaThread "Unknown thread" [_thread_in_vm, id=22860, stack(0x0000009fb7400000,0x0000009fb7500000)]

Stack: [0x0000009fb7400000,0x0000009fb7500000]
Native frames: (J=compiled Java code, j=interpreted, Vv=VM code, C=native code)
V  [jvm.dll+0x67d429]
V  [jvm.dll+0x834b7a]
V  [jvm.dll+0x83663e]
V  [jvm.dll+0x836ca3]
V  [jvm.dll+0x247dbf]
V  [jvm.dll+0x67a269]
V  [jvm.dll+0x66ecda]
V  [jvm.dll+0x30797b]
V  [jvm.dll+0x30ee26]
V  [jvm.dll+0x35e823]
V  [jvm.dll+0x35ea3f]
V  [jvm.dll+0x2de6b8]
V  [jvm.dll+0x2df624]
V  [jvm.dll+0x806531]
V  [jvm.dll+0x36c561]
V  [jvm.dll+0x7e4f56]
V  [jvm.dll+0x3efdcf]
V  [jvm.dll+0x3f1921]
C  [jli.dll+0x528f]
C  [ucrtbase.dll+0x29333]
C  [KERNEL32.DLL+0x1257d]
C  [ntdll.dll+0x5af28]


---------------  P R O C E S S  ---------------

Threads class SMR info:
_java_thread_list=0x00007fff2eaeeed8, length=0, elements={
}

Java Threads: ( => current thread )

Other Threads:
  0x000002060be67b60 GCTaskThread "GC Thread#0" [stack: 0x0000009fb7500000,0x0000009fb7600000] [id=22856]
  0x000002060be709c0 ConcurrentGCThread "G1 Main Marker" [stack: 0x0000009fb7600000,0x0000009fb7700000] [id=22796]
  0x000002060be712f0 ConcurrentGCThread "G1 Conc#0" [stack: 0x0000009fb7700000,0x0000009fb7800000] [id=22384]

[error occurred during error reporting (printing all threads), id 0xc0000005, EXCEPTION_ACCESS_VIOLATION (0xc0000005) at pc=0x00007fff2e2af0f7]

VM state: not at safepoint (not fully initialized)

VM Mutex/Monitor currently owned by a thread:  ([mutex/lock_event])
[0x0000020609c3fd00] Heap_lock - owner thread: 0x000002060be28bb0

Heap address: 0x00000000c0000000, size: 1024 MB, Compressed Oops mode: 32-bit

CDS archive(s) mapped at: [0x0000000000000000-0x0000000000000000-0x0000000000000000), size 0, SharedBaseAddress: 0x0000000800000000, ArchiveRelocationMode: 1.
Narrow klass base: 0x0000000000000000, Narrow klass shift: 0, Narrow klass range: 0x0

GC Precious Log:
<Empty>

Heap:
 garbage-first heap   total 0K, used 0K [0x00000000c0000000, 0x0000000100000000)
  region size 1024K, 0 young (0K), 0 survivors (0K)

[error occurred during error reporting (printing heap information), id 0xc0000005, EXCEPTION_ACCESS_VIOLATION (0xc0000005) at pc=0x00007fff2e6970c9]

GC Heap History (0 events):
No events

Dll operation events (1 events):
Event: 0.007 Loaded shared library c:\Users\ALVARO\.vscode\extensions\redhat.java-1.32.0-win32-x64\jre\17.0.11-win32-x86_64\bin\java.dll

Deoptimization events (0 events):
No events

Classes unloaded (0 events):
No events

Classes redefined (0 events):
No events

Internal exceptions (0 events):
No events

VM Operations (0 events):
No events

Events (0 events):
No events


Dynamic libraries:
0x00007ff6b4050000 - 0x00007ff6b405e000 	c:\Users\ALVARO\.vscode\extensions\redhat.java-1.32.0-win32-x64\jre\17.0.11-win32-x86_64\bin\java.exe
0x00007fffb90f0000 - 0x00007fffb9307000 	C:\WINDOWS\SYSTEM32\ntdll.dll
0x00007fffb76f0000 - 0x00007fffb77b4000 	C:\WINDOWS\System32\KERNEL32.DLL
0x00007fffb6830000 - 0x00007fffb6bdd000 	C:\WINDOWS\System32\KERNELBASE.dll
0x00007fffb65c0000 - 0x00007fffb66d1000 	C:\WINDOWS\System32\ucrtbase.dll
0x00007fffad200000 - 0x00007fffad217000 	c:\Users\ALVARO\.vscode\extensions\redhat.java-1.32.0-win32-x64\jre\17.0.11-win32-x86_64\bin\jli.dll
0x00007fffb0310000 - 0x00007fffb032b000 	c:\Users\ALVARO\.vscode\extensions\redhat.java-1.32.0-win32-x64\jre\17.0.11-win32-x86_64\bin\VCRUNTIME140.dll
0x00007fffb72a0000 - 0x00007fffb744e000 	C:\WINDOWS\System32\USER32.dll
0x00007fffb66e0000 - 0x00007fffb6706000 	C:\WINDOWS\System32\win32u.dll
0x00007fff9a920000 - 0x00007fff9abb3000 	C:\WINDOWS\WinSxS\amd64_microsoft.windows.common-controls_6595b64144ccf1df_6.0.22621.3672_none_2713b9d173822955\COMCTL32.dll
0x00007fffb7b10000 - 0x00007fffb7b39000 	C:\WINDOWS\System32\GDI32.dll
0x00007fffb7580000 - 0x00007fffb7627000 	C:\WINDOWS\System32\msvcrt.dll
0x00007fffb6710000 - 0x00007fffb6829000 	C:\WINDOWS\System32\gdi32full.dll
0x00007fffb6be0000 - 0x00007fffb6c7a000 	C:\WINDOWS\System32\msvcp_win.dll
0x00007fffb78f0000 - 0x00007fffb7921000 	C:\WINDOWS\System32\IMM32.DLL
0x00007fffac750000 - 0x00007fffac75c000 	c:\Users\ALVARO\.vscode\extensions\redhat.java-1.32.0-win32-x64\jre\17.0.11-win32-x86_64\bin\vcruntime140_1.dll
0x00007fff6d970000 - 0x00007fff6d9fd000 	c:\Users\ALVARO\.vscode\extensions\redhat.java-1.32.0-win32-x64\jre\17.0.11-win32-x86_64\bin\msvcp140.dll
0x00007fff2dfc0000 - 0x00007fff2ec22000 	c:\Users\ALVARO\.vscode\extensions\redhat.java-1.32.0-win32-x64\jre\17.0.11-win32-x86_64\bin\server\jvm.dll
0x00007fffb7630000 - 0x00007fffb76e2000 	C:\WINDOWS\System32\ADVAPI32.dll
0x00007fffb7820000 - 0x00007fffb78c9000 	C:\WINDOWS\System32\sechost.dll
0x00007fffb6420000 - 0x00007fffb6448000 	C:\WINDOWS\System32\bcrypt.dll
0x00007fffb7450000 - 0x00007fffb7564000 	C:\WINDOWS\System32\RPCRT4.dll
0x00007fffafe80000 - 0x00007fffafe89000 	C:\WINDOWS\SYSTEM32\WSOCK32.dll
0x00007fffb0930000 - 0x00007fffb0964000 	C:\WINDOWS\SYSTEM32\WINMM.dll
0x00007fffb62e0000 - 0x00007fffb632d000 	C:\WINDOWS\SYSTEM32\POWRPROF.dll
0x00007fffb17c0000 - 0x00007fffb17ca000 	C:\WINDOWS\SYSTEM32\VERSION.dll
0x00007fffb7220000 - 0x00007fffb7291000 	C:\WINDOWS\System32\WS2_32.dll
0x00007fffb62c0000 - 0x00007fffb62d3000 	C:\WINDOWS\SYSTEM32\UMPDC.dll
0x00007fffb5420000 - 0x00007fffb5438000 	C:\WINDOWS\SYSTEM32\kernel.appcore.dll
0x00007fffa0ed0000 - 0x00007fffa0eda000 	c:\Users\ALVARO\.vscode\extensions\redhat.java-1.32.0-win32-x64\jre\17.0.11-win32-x86_64\bin\jimage.dll
0x00007fffb3e20000 - 0x00007fffb4052000 	C:\WINDOWS\SYSTEM32\DBGHELP.DLL
0x00007fffb7ca0000 - 0x00007fffb8028000 	C:\WINDOWS\System32\combase.dll
0x00007fffb7930000 - 0x00007fffb7a07000 	C:\WINDOWS\System32\OLEAUT32.dll
0x00007fffad770000 - 0x00007fffad7a2000 	C:\WINDOWS\SYSTEM32\dbgcore.DLL
0x00007fffb6db0000 - 0x00007fffb6e2b000 	C:\WINDOWS\System32\bcryptPrimitives.dll
0x00007fff92890000 - 0x00007fff928b5000 	c:\Users\ALVARO\.vscode\extensions\redhat.java-1.32.0-win32-x64\jre\17.0.11-win32-x86_64\bin\java.dll

dbghelp: loaded successfully - version: 4.0.5 - missing functions: none
symbol engine: initialized successfully - sym options: 0x614 - pdb path: .;c:\Users\ALVARO\.vscode\extensions\redhat.java-1.32.0-win32-x64\jre\17.0.11-win32-x86_64\bin;C:\WINDOWS\SYSTEM32;C:\WINDOWS\WinSxS\amd64_microsoft.windows.common-controls_6595b64144ccf1df_6.0.22621.3672_none_2713b9d173822955;c:\Users\ALVARO\.vscode\extensions\redhat.java-1.32.0-win32-x64\jre\17.0.11-win32-x86_64\bin\server

VM Arguments:
jvm_args: -Xmx1024m -Dsts.lsp.client=vscode -Dsts.log.file=/dev/null -XX:TieredStopAtLevel=1 -Xlog:jni+resolve=off -Dspring.config.location=file:c:\Users\ALVARO\.vscode\extensions\vmware.vscode-spring-boot-1.55.1\language-server\BOOT-INF\classes\application.properties 
java_command: org.springframework.ide.vscode.boot.app.BootLanguageServerBootApp
java_class_path (initial): c:\Users\ALVARO\.vscode\extensions\vmware.vscode-spring-boot-1.55.1\language-server\BOOT-INF\classes;c:\Users\ALVARO\.vscode\extensions\vmware.vscode-spring-boot-1.55.1\language-server\BOOT-INF\lib\annotations-24.1.0.jar;c:\Users\ALVARO\.vscode\extensions\vmware.vscode-spring-boot-1.55.1\language-server\BOOT-INF\lib\antlr4-runtime-4.13.1.jar;c:\Users\ALVARO\.vscode\extensions\vmware.vscode-spring-boot-1.55.1\language-server\BOOT-INF\lib\asm-9.7.jar;c:\Users\ALVARO\.vscode\extensions\vmware.vscode-spring-boot-1.55.1\language-server\BOOT-INF\lib\asm-analysis-9.7.jar;c:\Users\ALVARO\.vscode\extensions\vmware.vscode-spring-boot-1.55.1\language-server\BOOT-INF\lib\asm-tree-9.7.jar;c:\Users\ALVARO\.vscode\extensions\vmware.vscode-spring-boot-1.55.1\language-server\BOOT-INF\lib\asm-util-9.7.jar;c:\Users\ALVARO\.vscode\extensions\vmware.vscode-spring-boot-1.55.1\language-server\BOOT-INF\lib\caffeine-3.1.8.jar;c:\Users\ALVARO\.vscode\extensions\vmware.vscode-spring-boot-1.55.1\language-server\BOOT-INF\lib\checker-qual-3.12.0.jar;c:\Users\ALVARO\.vscode\extensions\vmware.vscode-spring-boot-1.55.1\language-server\BOOT-INF\lib\classgraph-4.8.149.jar;c:\Users\ALVARO\.vscode\extensions\vmware.vscode-spring-boot-1.55.1\language-server\BOOT-INF\lib\commons-codec-1.16.1.jar;c:\Users\ALVARO\.vscode\extensions\vmware.vscode-spring-boot-1.55.1\language-server\BOOT-INF\lib\commons-compress-1.26.1.jar;c:\Users\ALVARO\.vscode\extensions\vmware.vscode-spring-boot-1.55.1\language-server\BOOT-INF\lib\commons-io-2.16.1.jar;c:\Users\ALVARO\.vscode\extensions\vmware.vscode-spring-boot-1.55.1\language-server\BOOT-INF\lib\commons-java-1.55.1-SNAPSHOT.jar;c:\Users\ALVARO\.vscode\extensions\vmware.vscode-spring-boot-1.55.1\language-server\BOOT-INF\lib\commons-lang3-3.14.0.jar;c:\Users\ALVARO\.vscode\extensions\vmware.vscode-spring-boot-1.55.1\language-server\BOOT-INF\lib\commons-language-server-1.55.1-SNAPSHOT.jar;c:\Users\ALVARO\.vscode\extensions\vmware.vscode-spring-
Launcher Type: SUN_STANDARD

[Global flags]
     intx CICompilerCount                          = 12                                        {product} {ergonomic}
     uint ConcGCThreads                            = 3                                         {product} {ergonomic}
     uint G1ConcRefinementThreads                  = 13                                        {product} {ergonomic}
   size_t G1HeapRegionSize                         = 1048576                                   {product} {ergonomic}
    uintx GCDrainStackTargetSize                   = 64                                        {product} {ergonomic}
   size_t InitialHeapSize                          = 257949696                                 {product} {ergonomic}
   size_t MarkStackSize                            = 4194304                                   {product} {ergonomic}
   size_t MaxHeapSize                              = 1073741824                                {product} {command line}
   size_t MinHeapDeltaBytes                        = 1048576                                   {product} {ergonomic}
   size_t MinHeapSize                              = 8388608                                   {product} {ergonomic}
    uintx NonProfiledCodeHeapSize                  = 0                                      {pd product} {ergonomic}
     bool ProfileInterpreter                       = false                                  {pd product} {command line}
    uintx ProfiledCodeHeapSize                     = 0                                      {pd product} {ergonomic}
   size_t SoftMaxHeapSize                          = 1073741824                             {manageable} {ergonomic}
     intx TieredStopAtLevel                        = 1                                         {product} {command line}
     bool UseCompressedClassPointers               = true                           {product lp64_product} {ergonomic}
     bool UseCompressedOops                        = true                           {product lp64_product} {ergonomic}
     bool UseG1GC                                  = true                                      {product} {ergonomic}
     bool UseLargePagesIndividualAllocation        = false                                  {pd product} {ergonomic}

Logging:
Log output configuration:
 #0: stdout all=warning,jni+resolve=off uptime,level,tags (reconfigured)
 #1: stderr all=off uptime,level,tags

Environment Variables:
JAVA_HOME=C:\Program Files\Java\jdk-11.0.13
PATH=C:\ProgramData\Oracle\Java\javapath;D:\app\ALVARO\virtual\product\12.2.0\dbhome_1\bin;C:\Program Files\Common Files\Oracle\Java\javapath;C:\Program Files (x86)\Common Files\Oracle\Java\java8path;C:\Program Files (x86)\Common Files\Oracle\Java\javapath;C:\Windows\system32;C:\Windows;C:\Windows\System32\Wbem;C:\Windows\System32\WindowsPowerShell\v1.0\;C:\Windows\System32\OpenSSH\;C:\Program Files\Git\cmd;C:\Program Files\Git\mingw64\bin;C:\Program Files\Git\usr\bin;C:\Program Files\Java\jdk-11.0.13\bin;C:\Users\ALVARO\Desktop\apache-maven-3.8.4\bin;C:\WINDOWS\system32;C:\WINDOWS;C:\WINDOWS\System32\Wbem;C:\WINDOWS\System32\WindowsPowerShell\v1.0\;C:\WINDOWS\System32\OpenSSH\;D:\Php;;C:\Program Files\nodejs\;C:\Program Files\dotnet\;C:\Program Files (x86)\NVIDIA Corporation\PhysX\Common;C:\Users\ALVARO\AppData\Roaming\npm;D:\Ruby33-x64\bin;C:\Users\ALVARO\AppData\Local\Microsoft\WindowsApps;C:\Users\ALVARO\AppData\Local\Programs\Microsoft VS Code\bin;C:\AppServ\Apache24\bin;C:\AppServ\php7;C:\AppServ\MySQL\bin
USERNAME=ALVARO
OS=Windows_NT
PROCESSOR_IDENTIFIER=AMD64 Family 23 Model 96 Stepping 1, AuthenticAMD
TMP=C:\Users\ALVARO\AppData\Local\Temp
TEMP=C:\Users\ALVARO\AppData\Local\Temp



Periodic native trim disabled


---------------  S Y S T E M  ---------------

OS:
 Windows 11 , 64 bit Build 22621 (10.0.22621.3672)
OS uptime: 0 days 2:24 hours
Hyper-V role detected

CPU: total 16 (initial active 16) (16 cores per cpu, 2 threads per core) family 23 model 96 stepping 1 microcode 0x0, cx8, cmov, fxsr, ht, mmx, 3dnowpref, sse, sse2, sse3, ssse3, sse4a, sse4.1, sse4.2, popcnt, lzcnt, tsc, tscinvbit, avx, avx2, aes, clmul, bmi1, bmi2, adx, sha, fma, vzeroupper, clflush, clflushopt, hv
Processor Information for all 16 processors :
  Max Mhz: 2900, Current Mhz: 2900, Mhz Limit: 2900

Memory: 4k page, system-wide physical 15741M (3321M free)
TotalPageFile size 17789M (AvailPageFile size 5M)
current process WorkingSet (physical memory assigned to process): 11M, peak: 11M
current process commit charge ("private bytes"): 311M, peak: 315M

vm_info: OpenJDK 64-Bit Server VM (17.0.11+9) for windows-amd64 JRE (17.0.11+9), built on Apr 17 2024 06:07:48 by "admin" with MS VC++ 16.10 / 16.11 (VS2019)

END.
