#
# There is insufficient memory for the Java Runtime Environment to continue.
# Native memory allocation (malloc) failed to allocate 2097152 bytes. Error detail: AllocateHeap
# Possible reasons:
#   The system is out of physical RAM or swap space
#   This process is running with CompressedOops enabled, and the Java Heap may be blocking the growth of the native heap
# Possible solutions:
#   Reduce memory load on the system
#   Increase physical memory or swap space
#   Check if swap backing store is full
#   Decrease Java heap size (-Xmx/-Xms)
#   Decrease number of Java threads
#   Decrease Java thread stack sizes (-Xss)
#   Set larger code cache with -XX:ReservedCodeCacheSize=
#   JVM is running with Unscaled Compressed Oops mode in which the Java heap is
#     placed in the first 4GB address space. The Java Heap base address is the
#     maximum limit for the native heap growth. Please use -XX:HeapBaseMinAddress
#     to set the Java Heap base and to place the Java Heap above 4GB virtual address.
# This output file may be truncated or incomplete.
#
#  Out of Memory Error (allocation.cpp:44), pid=17628, tid=5128
#
# JRE version: OpenJDK Runtime Environment Temurin-17.0.11+9 (17.0.11+9) (build 17.0.11+9)
# Java VM: OpenJDK 64-Bit Server VM Temurin-17.0.11+9 (17.0.11+9, mixed mode, emulated-client, tiered, compressed oops, compressed class ptrs, g1 gc, windows-amd64)
# No core dump will be written. Minidumps are not enabled by default on client versions of Windows
#

---------------  S U M M A R Y ------------

Command Line: -Xmx1024m -Dsts.lsp.client=vscode -Dsts.log.file=/dev/null -XX:TieredStopAtLevel=1 -Xlog:jni+resolve=off -Dspring.config.location=file:c:\Users\ALVARO\.vscode\extensions\vmware.vscode-spring-boot-1.55.1\language-server\BOOT-INF\classes\application.properties org.springframework.ide.vscode.boot.app.BootLanguageServerBootApp

Host: AMD Ryzen 7 4800H with Radeon Graphics         , 16 cores, 15G,  Windows 11 , 64 bit Build 22621 (10.0.22621.3672)
Time: Tue Jul 16 19:21:24 2024 Hora est. Pacífico, Sudamérica elapsed time: 3118.847976 seconds (0d 0h 51m 58s)

---------------  T H R E A D  ---------------

Current thread (0x000002455c2466b0):  VMThread "VM Thread" [stack: 0x000000e8cad00000,0x000000e8cae00000] [id=5128]

Stack: [0x000000e8cad00000,0x000000e8cae00000]
Native frames: (J=compiled Java code, j=interpreted, Vv=VM code, C=native code)
V  [jvm.dll+0x67d429]
V  [jvm.dll+0x834b7a]
V  [jvm.dll+0x83663e]
V  [jvm.dll+0x836ca3]
V  [jvm.dll+0x247dbf]
V  [jvm.dll+0xa6cb3]
V  [jvm.dll+0x2f8b61]
V  [jvm.dll+0x2f4750]
V  [jvm.dll+0x2dcf67]
V  [jvm.dll+0x31fb67]
V  [jvm.dll+0x83b19b]
V  [jvm.dll+0x83bed2]
V  [jvm.dll+0x83c3ed]
V  [jvm.dll+0x83c7c4]
V  [jvm.dll+0x83c890]
V  [jvm.dll+0x7e410a]
V  [jvm.dll+0x67c315]
C  [ucrtbase.dll+0x29333]
C  [KERNEL32.DLL+0x1257d]
C  [ntdll.dll+0x5af28]

VM_Operation (0x000000e8cc3fe940): G1CollectFull, mode: safepoint, requested by thread 0x000002455cd8b880


---------------  P R O C E S S  ---------------

Threads class SMR info:
_java_thread_list=0x00000245634ca850, length=50, elements={
0x000002455c25b370, 0x000002455c25c8a0, 0x000002455c28ca40, 0x000002455c28f320,
0x000002455c2b3bc0, 0x000002455c2b6c40, 0x000002455c2bafa0, 0x000002455c2c0350,
0x000002455c4a5540, 0x000002455c4b45b0, 0x0000024561654050, 0x000002455cd8b880,
0x00000245611ce330, 0x00000245508e8050, 0x0000024561b599d0, 0x0000024561e47c30,
0x0000024561d33120, 0x0000024561d32c10, 0x0000024561d34050, 0x0000024561d33630,
0x0000024561d33b40, 0x0000024561ebff90, 0x0000024561ebf060, 0x0000024561ec5090,
0x0000024561ec69e0, 0x0000024561ec3230, 0x0000024561ec04a0, 0x0000024561ec09b0,
0x0000024561ec3c50, 0x0000024561ec4670, 0x0000024561ec18e0, 0x0000024561ec1df0,
0x0000024561ec2810, 0x0000024561ec4160, 0x0000024561ec3740, 0x0000024562cc3a00,
0x0000024562cc6ca0, 0x0000024562cc6790, 0x0000024562cc9f40, 0x0000024562cc8b00,
0x0000024562cc76c0, 0x0000024562cc9520, 0x0000024562cc7bd0, 0x0000024562cca450,
0x0000024562cc5d70, 0x0000024562cc2fe0, 0x0000024562cca960, 0x0000024562cc4e40,
0x0000024562cc3f10, 0x0000024562cc4420
}

Java Threads: ( => current thread )
  0x000002455c25b370 JavaThread "Reference Handler" daemon [_thread_blocked, id=4264, stack(0x000000e8cae00000,0x000000e8caf00000)]
  0x000002455c25c8a0 JavaThread "Finalizer" daemon [_thread_blocked, id=14020, stack(0x000000e8caf00000,0x000000e8cb000000)]
  0x000002455c28ca40 JavaThread "Signal Dispatcher" daemon [_thread_blocked, id=17856, stack(0x000000e8cb000000,0x000000e8cb100000)]
  0x000002455c28f320 JavaThread "Attach Listener" daemon [_thread_blocked, id=17724, stack(0x000000e8cb100000,0x000000e8cb200000)]
  0x000002455c2b3bc0 JavaThread "Service Thread" daemon [_thread_blocked, id=17728, stack(0x000000e8cb200000,0x000000e8cb300000)]
  0x000002455c2b6c40 JavaThread "Monitor Deflation Thread" daemon [_thread_blocked, id=16304, stack(0x000000e8cb300000,0x000000e8cb400000)]
  0x000002455c2bafa0 JavaThread "C1 CompilerThread0" daemon [_thread_blocked, id=13624, stack(0x000000e8cb400000,0x000000e8cb500000)]
  0x000002455c2c0350 JavaThread "Sweeper thread" daemon [_thread_blocked, id=17308, stack(0x000000e8cb500000,0x000000e8cb600000)]
  0x000002455c4a5540 JavaThread "Notification Thread" daemon [_thread_blocked, id=204, stack(0x000000e8cb800000,0x000000e8cb900000)]
  0x000002455c4b45b0 JavaThread "Common-Cleaner" daemon [_thread_blocked, id=17300, stack(0x000000e8cba00000,0x000000e8cbb00000)]
  0x0000024561654050 JavaThread "boundedElastic-evictor-1" daemon [_thread_blocked, id=11708, stack(0x000000e8cc100000,0x000000e8cc200000)]
  0x000002455cd8b880 JavaThread "pool-13-thread-1" [_thread_blocked, id=10304, stack(0x000000e8cc300000,0x000000e8cc400000)]
  0x00000245611ce330 JavaThread "LanguageServerApp-lifecycle" [_thread_blocked, id=9072, stack(0x000000e8cc400000,0x000000e8cc500000)]
  0x00000245508e8050 JavaThread "DestroyJavaVM" [_thread_blocked, id=17556, stack(0x000000e8ca700000,0x000000e8ca800000)]
  0x0000024561b599d0 JavaThread "pool-14-thread-1" [_thread_in_native, id=13916, stack(0x000000e8ccd00000,0x000000e8cce00000)]
  0x0000024561e47c30 JavaThread "Simple-Language-Server main thread" daemon [_thread_blocked, id=12604, stack(0x000000e8cce00000,0x000000e8ccf00000)]
  0x0000024561d33120 JavaThread "pool-8-thread-1" [_thread_blocked, id=2728, stack(0x000000e8cd100000,0x000000e8cd200000)]
  0x0000024561d32c10 JavaThread "parallel-1" daemon [_thread_blocked, id=3880, stack(0x000000e8cd200000,0x000000e8cd300000)]
  0x0000024561d34050 JavaThread "pool-6-thread-1" [_thread_blocked, id=7388, stack(0x000000e8cd300000,0x000000e8cd400000)]
  0x0000024561d33630 JavaThread "parallel-2" daemon [_thread_blocked, id=11256, stack(0x000000e8cd400000,0x000000e8cd500000)]
  0x0000024561d33b40 JavaThread "parallel-3" daemon [_thread_blocked, id=8612, stack(0x000000e8cd500000,0x000000e8cd600000)]
  0x0000024561ebff90 JavaThread "parallel-4" daemon [_thread_blocked, id=12908, stack(0x000000e8cdb00000,0x000000e8cdc00000)]
  0x0000024561ebf060 JavaThread "parallel-5" daemon [_thread_blocked, id=14908, stack(0x000000e8cdc00000,0x000000e8cdd00000)]
  0x0000024561ec5090 JavaThread "Reconciler-1" daemon [_thread_blocked, id=16580, stack(0x000000e8cde00000,0x000000e8cdf00000)]
  0x0000024561ec69e0 JavaThread "parallel-6" daemon [_thread_blocked, id=3596, stack(0x000000e8ca600000,0x000000e8ca700000)]
  0x0000024561ec3230 JavaThread "parallel-7" daemon [_thread_blocked, id=18388, stack(0x000000e8cb600000,0x000000e8cb700000)]
  0x0000024561ec04a0 JavaThread "parallel-8" daemon [_thread_blocked, id=14144, stack(0x000000e8cd000000,0x000000e8cd100000)]
  0x0000024561ec09b0 JavaThread "parallel-9" daemon [_thread_blocked, id=11400, stack(0x000000e8ccf00000,0x000000e8cd000000)]
  0x0000024561ec3c50 JavaThread "parallel-10" daemon [_thread_blocked, id=9452, stack(0x000000e8cd600000,0x000000e8cd700000)]
  0x0000024561ec4670 JavaThread "parallel-11" daemon [_thread_blocked, id=10220, stack(0x000000e8cd700000,0x000000e8cd800000)]
  0x0000024561ec18e0 JavaThread "parallel-12" daemon [_thread_blocked, id=4836, stack(0x000000e8cd800000,0x000000e8cd900000)]
  0x0000024561ec1df0 JavaThread "parallel-13" daemon [_thread_blocked, id=13300, stack(0x000000e8cd900000,0x000000e8cda00000)]
  0x0000024561ec2810 JavaThread "parallel-14" daemon [_thread_blocked, id=5348, stack(0x000000e8ce300000,0x000000e8ce400000)]
  0x0000024561ec4160 JavaThread "parallel-15" daemon [_thread_blocked, id=17132, stack(0x000000e8ce500000,0x000000e8ce600000)]
  0x0000024561ec3740 JavaThread "parallel-16" daemon [_thread_blocked, id=14864, stack(0x000000e8cea00000,0x000000e8ceb00000)]
  0x0000024562cc3a00 JavaThread "CompletableFutureDelayScheduler" daemon [_thread_blocked, id=16424, stack(0x000000e8ce000000,0x000000e8ce100000)]
  0x0000024562cc6ca0 JavaThread "ForkJoinPool.commonPool-worker-21" daemon [_thread_blocked, id=17612, stack(0x000000e8ca400000,0x000000e8ca500000)]
  0x0000024562cc6790 JavaThread "ForkJoinPool.commonPool-worker-22" daemon [_thread_blocked, id=17980, stack(0x000000e8cda00000,0x000000e8cdb00000)]
  0x0000024562cc9f40 JavaThread "ForkJoinPool.commonPool-worker-23" daemon [_thread_blocked, id=5056, stack(0x000000e8cdd00000,0x000000e8cde00000)]
  0x0000024562cc8b00 JavaThread "ForkJoinPool.commonPool-worker-24" daemon [_thread_blocked, id=12528, stack(0x000000e8cdf00000,0x000000e8ce000000)]
  0x0000024562cc76c0 JavaThread "ForkJoinPool.commonPool-worker-25" daemon [_thread_blocked, id=13260, stack(0x000000e8ce100000,0x000000e8ce200000)]
  0x0000024562cc9520 JavaThread "ForkJoinPool.commonPool-worker-26" daemon [_thread_blocked, id=15836, stack(0x000000e8ce200000,0x000000e8ce300000)]
  0x0000024562cc7bd0 JavaThread "ForkJoinPool.commonPool-worker-27" daemon [_thread_blocked, id=5760, stack(0x000000e8ce400000,0x000000e8ce500000)]
  0x0000024562cca450 JavaThread "ForkJoinPool.commonPool-worker-28" daemon [_thread_blocked, id=11976, stack(0x000000e8ce900000,0x000000e8cea00000)]
  0x0000024562cc5d70 JavaThread "ForkJoinPool.commonPool-worker-29" daemon [_thread_blocked, id=3380, stack(0x000000e8ce700000,0x000000e8ce800000)]
  0x0000024562cc2fe0 JavaThread "ForkJoinPool.commonPool-worker-30" daemon [_thread_blocked, id=5732, stack(0x000000e8ce800000,0x000000e8ce900000)]
  0x0000024562cca960 JavaThread "ForkJoinPool.commonPool-worker-31" daemon [_thread_blocked, id=15116, stack(0x000000e8ce600000,0x000000e8ce700000)]
  0x0000024562cc4e40 JavaThread "ForkJoinPool.commonPool-worker-32" daemon [_thread_blocked, id=8124, stack(0x000000e8ced00000,0x000000e8cee00000)]
  0x0000024562cc3f10 JavaThread "ForkJoinPool.commonPool-worker-34" daemon [_thread_blocked, id=11580, stack(0x000000e8cee00000,0x000000e8cef00000)]
  0x0000024562cc4420 JavaThread "ForkJoinPool.commonPool-worker-35" daemon [_thread_blocked, id=9832, stack(0x000000e8cef00000,0x000000e8cf000000)]

Other Threads:
=>0x000002455c2466b0 VMThread "VM Thread" [stack: 0x000000e8cad00000,0x000000e8cae00000] [id=5128]
  0x000002455c4a5a20 WatcherThread [stack: 0x000000e8cb900000,0x000000e8cba00000] [id=9320]
  0x0000024550927fe0 GCTaskThread "GC Thread#0" [stack: 0x000000e8ca800000,0x000000e8ca900000] [id=17784]
  0x000002455c3aa2a0 GCTaskThread "GC Thread#1" [stack: 0x000000e8cbc00000,0x000000e8cbd00000] [id=1388]
  0x000002456129cea0 GCTaskThread "GC Thread#2" [stack: 0x000000e8cbd00000,0x000000e8cbe00000] [id=10028]
  0x000002456129d160 GCTaskThread "GC Thread#3" [stack: 0x000000e8cbe00000,0x000000e8cbf00000] [id=17840]
  0x000002456129d420 GCTaskThread "GC Thread#4" [stack: 0x000000e8cbf00000,0x000000e8cc000000] [id=17816]
  0x000002456148a830 GCTaskThread "GC Thread#5" [stack: 0x000000e8cc000000,0x000000e8cc100000] [id=3016]
  0x0000024561874ef0 GCTaskThread "GC Thread#6" [stack: 0x000000e8cc500000,0x000000e8cc600000] [id=9516]
  0x00000245617d1060 GCTaskThread "GC Thread#7" [stack: 0x000000e8cc600000,0x000000e8cc700000] [id=2204]
  0x00000245618bca00 GCTaskThread "GC Thread#8" [stack: 0x000000e8cc700000,0x000000e8cc800000] [id=3404]
  0x00000245617d27b0 GCTaskThread "GC Thread#9" [stack: 0x000000e8cc800000,0x000000e8cc900000] [id=8084]
  0x00000245618edaf0 GCTaskThread "GC Thread#10" [stack: 0x000000e8cc900000,0x000000e8cca00000] [id=13416]
  0x00000245618eddb0 GCTaskThread "GC Thread#11" [stack: 0x000000e8cca00000,0x000000e8ccb00000] [id=12132]
  0x00000245618f1ce0 GCTaskThread "GC Thread#12" [stack: 0x000000e8cc200000,0x000000e8cc300000] [id=3384]
  0x0000024550930e40 ConcurrentGCThread "G1 Main Marker" [stack: 0x000000e8ca900000,0x000000e8caa00000] [id=17112]
  0x0000024550931770 ConcurrentGCThread "G1 Conc#0" [stack: 0x000000e8caa00000,0x000000e8cab00000] [id=17780]
  0x00000245614b3eb0 ConcurrentGCThread "G1 Conc#1" [stack: 0x000000e8ccb00000,0x000000e8ccc00000] [id=15316]
  0x00000245618f1a20 ConcurrentGCThread "G1 Conc#2" [stack: 0x000000e8ccc00000,0x000000e8ccd00000] [id=12752]
  0x000002455c0a4180 ConcurrentGCThread "G1 Refine#0" [stack: 0x000000e8cab00000,0x000000e8cac00000] [id=3916]
  0x000002455c0a4ac0 ConcurrentGCThread "G1 Service" [stack: 0x000000e8cac00000,0x000000e8cad00000] [id=17576]

Threads with active compile tasks:

VM state: at safepoint (normal execution)

VM Mutex/Monitor currently owned by a thread:  ([mutex/lock_event])
[0x000002454e5a2f80] Threads_lock - owner thread: 0x000002455c2466b0
[0x000002454e59f8c0] Heap_lock - owner thread: 0x000002455cd8b880

Heap address: 0x00000000c0000000, size: 1024 MB, Compressed Oops mode: 32-bit

CDS archive(s) not mapped
Compressed class space mapped at: 0x0000000100000000-0x0000000140000000, reserved size: 1073741824
Narrow klass base: 0x0000000000000000, Narrow klass shift: 3, Narrow klass range: 0x140000000

GC Precious Log:
 CPUs: 16 total, 16 available
 Memory: 15741M
 Large Page Support: Disabled
 NUMA Support: Disabled
 Compressed Oops: Enabled (32-bit)
 Heap Region Size: 1M
 Heap Min Capacity: 8M
 Heap Initial Capacity: 246M
 Heap Max Capacity: 1G
 Pre-touch: Disabled
 Parallel Workers: 13
 Concurrent Workers: 3
 Concurrent Refinement Workers: 13
 Periodic GC: Disabled

Heap:
 garbage-first heap   total 95232K, used 36347K [0x00000000c0000000, 0x0000000100000000)
  region size 1024K, 1 young (1024K), 0 survivors (0K)
 Metaspace       used 59663K, committed 60160K, reserved 1114112K
  class space    used 7459K, committed 7680K, reserved 1048576K

Heap Regions: E=young(eden), S=young(survivor), O=old, HS=humongous(starts), HC=humongous(continues), CS=collection set, F=free, OA=open archive, CA=closed archive, TAMS=top-at-mark-start (previous, next)
|   0|0x00000000c0000000, 0x00000000c0100000, 0x00000000c0100000|100%|HS|  |TAMS 0x00000000c0100000, 0x00000000c0000000| Untracked 
|   1|0x00000000c0100000, 0x00000000c0200000, 0x00000000c0200000|100%|HC|  |TAMS 0x00000000c0200000, 0x00000000c0100000| Untracked 
|   2|0x00000000c0200000, 0x00000000c0300000, 0x00000000c0300000|100%|HC|  |TAMS 0x00000000c0300000, 0x00000000c0200000| Untracked 
|   3|0x00000000c0300000, 0x00000000c0400000, 0x00000000c0400000|100%|HC|  |TAMS 0x00000000c0400000, 0x00000000c0300000| Untracked 
|   4|0x00000000c0400000, 0x00000000c0500000, 0x00000000c0500000|100%|HS|  |TAMS 0x00000000c0500000, 0x00000000c0400000| Untracked 
|   5|0x00000000c0500000, 0x00000000c0600000, 0x00000000c0600000|100%|HC|  |TAMS 0x00000000c0600000, 0x00000000c0500000| Untracked 
|   6|0x00000000c0600000, 0x00000000c06ffff0, 0x00000000c0700000| 99%| O|  |TAMS 0x00000000c06ffff0, 0x00000000c0600000| Untracked 
|   7|0x00000000c0700000, 0x00000000c0800000, 0x00000000c0800000|100%| O|  |TAMS 0x00000000c0800000, 0x00000000c0700000| Untracked 
|   8|0x00000000c0800000, 0x00000000c0900000, 0x00000000c0900000|100%| O|  |TAMS 0x00000000c0900000, 0x00000000c0800000| Untracked 
|   9|0x00000000c0900000, 0x00000000c0a00000, 0x00000000c0a00000|100%| O|  |TAMS 0x00000000c0a00000, 0x00000000c0900000| Untracked 
|  10|0x00000000c0a00000, 0x00000000c0b00000, 0x00000000c0b00000|100%| O|  |TAMS 0x00000000c0b00000, 0x00000000c0a00000| Untracked 
|  11|0x00000000c0b00000, 0x00000000c0c00000, 0x00000000c0c00000|100%| O|  |TAMS 0x00000000c0c00000, 0x00000000c0b00000| Untracked 
|  12|0x00000000c0c00000, 0x00000000c0cffff8, 0x00000000c0d00000| 99%| O|  |TAMS 0x00000000c0cffff8, 0x00000000c0c00000| Untracked 
|  13|0x00000000c0d00000, 0x00000000c0e00000, 0x00000000c0e00000|100%| O|  |TAMS 0x00000000c0e00000, 0x00000000c0d00000| Untracked 
|  14|0x00000000c0e00000, 0x00000000c0f00000, 0x00000000c0f00000|100%| O|  |TAMS 0x00000000c0f00000, 0x00000000c0e00000| Untracked 
|  15|0x00000000c0f00000, 0x00000000c0fffff0, 0x00000000c1000000| 99%| O|  |TAMS 0x00000000c0fffff0, 0x00000000c0f00000| Untracked 
|  16|0x00000000c1000000, 0x00000000c10ffed8, 0x00000000c1100000| 99%| O|  |TAMS 0x00000000c10ffed8, 0x00000000c1000000| Untracked 
|  17|0x00000000c1100000, 0x00000000c11ffff8, 0x00000000c1200000| 99%| O|  |TAMS 0x00000000c11ffff8, 0x00000000c1100000| Untracked 
|  18|0x00000000c1200000, 0x00000000c12fffe8, 0x00000000c1300000| 99%| O|  |TAMS 0x00000000c12fffe8, 0x00000000c1200000| Untracked 
|  19|0x00000000c1300000, 0x00000000c1400000, 0x00000000c1400000|100%| O|  |TAMS 0x00000000c1400000, 0x00000000c1300000| Untracked 
|  20|0x00000000c1400000, 0x00000000c14fffb0, 0x00000000c1500000| 99%| O|  |TAMS 0x00000000c14fffb0, 0x00000000c1400000| Untracked 
|  21|0x00000000c1500000, 0x00000000c1600000, 0x00000000c1600000|100%| O|  |TAMS 0x00000000c1600000, 0x00000000c1500000| Untracked 
|  22|0x00000000c1600000, 0x00000000c16fffd8, 0x00000000c1700000| 99%| O|  |TAMS 0x00000000c16fffd8, 0x00000000c1600000| Untracked 
|  23|0x00000000c1700000, 0x00000000c17feb38, 0x00000000c1800000| 99%| O|  |TAMS 0x00000000c17feb38, 0x00000000c1700000| Untracked 
|  24|0x00000000c1800000, 0x00000000c18ffb40, 0x00000000c1900000| 99%| O|  |TAMS 0x00000000c18ffb40, 0x00000000c1800000| Untracked 
|  25|0x00000000c1900000, 0x00000000c19fffe8, 0x00000000c1a00000| 99%| O|  |TAMS 0x00000000c19fffe8, 0x00000000c1900000| Untracked 
|  26|0x00000000c1a00000, 0x00000000c1affff0, 0x00000000c1b00000| 99%| O|  |TAMS 0x00000000c1affff0, 0x00000000c1a00000| Untracked 
|  27|0x00000000c1b00000, 0x00000000c1bffff8, 0x00000000c1c00000| 99%| O|  |TAMS 0x00000000c1bffff8, 0x00000000c1b00000| Untracked 
|  28|0x00000000c1c00000, 0x00000000c1cffcc8, 0x00000000c1d00000| 99%| O|  |TAMS 0x00000000c1cffcc8, 0x00000000c1c00000| Untracked 
|  29|0x00000000c1d00000, 0x00000000c1e00000, 0x00000000c1e00000|100%|HS|  |TAMS 0x00000000c1e00000, 0x00000000c1d00000| Untracked 
|  30|0x00000000c1e00000, 0x00000000c1efffd0, 0x00000000c1f00000| 99%| O|  |TAMS 0x00000000c1efffd0, 0x00000000c1e00000| Untracked 
|  31|0x00000000c1f00000, 0x00000000c2000000, 0x00000000c2000000|100%| O|  |TAMS 0x00000000c2000000, 0x00000000c1f00000| Untracked 
|  32|0x00000000c2000000, 0x00000000c20a7540, 0x00000000c2100000| 65%| O|  |TAMS 0x00000000c2000000, 0x00000000c2000000| Untracked 
|  33|0x00000000c2100000, 0x00000000c21d9848, 0x00000000c2200000| 84%| O|  |TAMS 0x00000000c2100000, 0x00000000c2100000| Untracked 
|  34|0x00000000c2200000, 0x00000000c2200000, 0x00000000c2300000|  0%| F|  |TAMS 0x00000000c2200000, 0x00000000c2200000| Untracked 
|  35|0x00000000c2300000, 0x00000000c2300000, 0x00000000c2400000|  0%| F|  |TAMS 0x00000000c2300000, 0x00000000c2300000| Untracked 
|  36|0x00000000c2400000, 0x00000000c2400000, 0x00000000c2500000|  0%| F|  |TAMS 0x00000000c2400000, 0x00000000c2400000| Untracked 
|  37|0x00000000c2500000, 0x00000000c2600000, 0x00000000c2600000|100%| O|  |TAMS 0x00000000c2600000, 0x00000000c2500000| Untracked 
|  38|0x00000000c2600000, 0x00000000c2600000, 0x00000000c2700000|  0%| F|  |TAMS 0x00000000c2600000, 0x00000000c2600000| Untracked 
|  39|0x00000000c2700000, 0x00000000c2800000, 0x00000000c2800000|100%| O|  |TAMS 0x00000000c2800000, 0x00000000c2700000| Untracked 
|  40|0x00000000c2800000, 0x00000000c2800000, 0x00000000c2900000|  0%| F|  |TAMS 0x00000000c2800000, 0x00000000c2800000| Untracked 
|  41|0x00000000c2900000, 0x00000000c2900000, 0x00000000c2a00000|  0%| F|  |TAMS 0x00000000c2900000, 0x00000000c2900000| Untracked 
|  42|0x00000000c2a00000, 0x00000000c2a00000, 0x00000000c2b00000|  0%| F|  |TAMS 0x00000000c2a00000, 0x00000000c2a00000| Untracked 
|  43|0x00000000c2b00000, 0x00000000c2b00000, 0x00000000c2c00000|  0%| F|  |TAMS 0x00000000c2b00000, 0x00000000c2b00000| Untracked 
|  44|0x00000000c2c00000, 0x00000000c2c00000, 0x00000000c2d00000|  0%| F|  |TAMS 0x00000000c2c00000, 0x00000000c2c00000| Untracked 
|  45|0x00000000c2d00000, 0x00000000c2d00000, 0x00000000c2e00000|  0%| F|  |TAMS 0x00000000c2d00000, 0x00000000c2d00000| Untracked 
|  46|0x00000000c2e00000, 0x00000000c2e00000, 0x00000000c2f00000|  0%| F|  |TAMS 0x00000000c2e00000, 0x00000000c2e00000| Untracked 
|  47|0x00000000c2f00000, 0x00000000c2f00000, 0x00000000c3000000|  0%| F|  |TAMS 0x00000000c2f00000, 0x00000000c2f00000| Untracked 
|  48|0x00000000c3000000, 0x00000000c3000000, 0x00000000c3100000|  0%| F|  |TAMS 0x00000000c3000000, 0x00000000c3000000| Untracked 
|  49|0x00000000c3100000, 0x00000000c3100000, 0x00000000c3200000|  0%| F|  |TAMS 0x00000000c3100000, 0x00000000c3100000| Untracked 
|  50|0x00000000c3200000, 0x00000000c3200000, 0x00000000c3300000|  0%| F|  |TAMS 0x00000000c3200000, 0x00000000c3200000| Untracked 
|  51|0x00000000c3300000, 0x00000000c3300000, 0x00000000c3400000|  0%| F|  |TAMS 0x00000000c3300000, 0x00000000c3300000| Untracked 
|  52|0x00000000c3400000, 0x00000000c3400000, 0x00000000c3500000|  0%| F|  |TAMS 0x00000000c3400000, 0x00000000c3400000| Untracked 
|  53|0x00000000c3500000, 0x00000000c3500000, 0x00000000c3600000|  0%| F|  |TAMS 0x00000000c3500000, 0x00000000c3500000| Untracked 
|  54|0x00000000c3600000, 0x00000000c3600000, 0x00000000c3700000|  0%| F|  |TAMS 0x00000000c3600000, 0x00000000c3600000| Untracked 
|  55|0x00000000c3700000, 0x00000000c3700000, 0x00000000c3800000|  0%| F|  |TAMS 0x00000000c3700000, 0x00000000c3700000| Untracked 
|  56|0x00000000c3800000, 0x00000000c3800000, 0x00000000c3900000|  0%| F|  |TAMS 0x00000000c3800000, 0x00000000c3800000| Untracked 
|  57|0x00000000c3900000, 0x00000000c3900000, 0x00000000c3a00000|  0%| F|  |TAMS 0x00000000c3900000, 0x00000000c3900000| Untracked 
|  58|0x00000000c3a00000, 0x00000000c3a00000, 0x00000000c3b00000|  0%| F|  |TAMS 0x00000000c3a00000, 0x00000000c3a00000| Untracked 
|  59|0x00000000c3b00000, 0x00000000c3b00000, 0x00000000c3c00000|  0%| F|  |TAMS 0x00000000c3b00000, 0x00000000c3b00000| Untracked 
|  60|0x00000000c3c00000, 0x00000000c3c00000, 0x00000000c3d00000|  0%| F|  |TAMS 0x00000000c3c00000, 0x00000000c3c00000| Untracked 
|  61|0x00000000c3d00000, 0x00000000c3d00000, 0x00000000c3e00000|  0%| F|  |TAMS 0x00000000c3d00000, 0x00000000c3d00000| Untracked 
|  62|0x00000000c3e00000, 0x00000000c3e00000, 0x00000000c3f00000|  0%| F|  |TAMS 0x00000000c3e00000, 0x00000000c3e00000| Untracked 
|  63|0x00000000c3f00000, 0x00000000c3f00000, 0x00000000c4000000|  0%| F|  |TAMS 0x00000000c3f00000, 0x00000000c3f00000| Untracked 
|  64|0x00000000c4000000, 0x00000000c4000000, 0x00000000c4100000|  0%| F|  |TAMS 0x00000000c4000000, 0x00000000c4000000| Untracked 
|  65|0x00000000c4100000, 0x00000000c4100000, 0x00000000c4200000|  0%| F|  |TAMS 0x00000000c4100000, 0x00000000c4100000| Untracked 
|  66|0x00000000c4200000, 0x00000000c4200000, 0x00000000c4300000|  0%| F|  |TAMS 0x00000000c4200000, 0x00000000c4200000| Untracked 
|  67|0x00000000c4300000, 0x00000000c4300000, 0x00000000c4400000|  0%| F|  |TAMS 0x00000000c4300000, 0x00000000c4300000| Untracked 
|  68|0x00000000c4400000, 0x00000000c4400000, 0x00000000c4500000|  0%| F|  |TAMS 0x00000000c4400000, 0x00000000c4400000| Untracked 
|  69|0x00000000c4500000, 0x00000000c4500000, 0x00000000c4600000|  0%| F|  |TAMS 0x00000000c4500000, 0x00000000c4500000| Untracked 
|  70|0x00000000c4600000, 0x00000000c4600000, 0x00000000c4700000|  0%| F|  |TAMS 0x00000000c4600000, 0x00000000c4600000| Untracked 
|  71|0x00000000c4700000, 0x00000000c4700000, 0x00000000c4800000|  0%| F|  |TAMS 0x00000000c4700000, 0x00000000c4700000| Untracked 
|  72|0x00000000c4800000, 0x00000000c4800000, 0x00000000c4900000|  0%| F|  |TAMS 0x00000000c4800000, 0x00000000c4800000| Untracked 
|  73|0x00000000c4900000, 0x00000000c4900000, 0x00000000c4a00000|  0%| F|  |TAMS 0x00000000c4900000, 0x00000000c4900000| Untracked 
|  74|0x00000000c4a00000, 0x00000000c4a00000, 0x00000000c4b00000|  0%| F|  |TAMS 0x00000000c4a00000, 0x00000000c4a00000| Untracked 
|  75|0x00000000c4b00000, 0x00000000c4b00000, 0x00000000c4c00000|  0%| F|  |TAMS 0x00000000c4b00000, 0x00000000c4b00000| Untracked 
|  76|0x00000000c4c00000, 0x00000000c4c00000, 0x00000000c4d00000|  0%| F|  |TAMS 0x00000000c4c00000, 0x00000000c4c00000| Untracked 
|  77|0x00000000c4d00000, 0x00000000c4d00000, 0x00000000c4e00000|  0%| F|  |TAMS 0x00000000c4d00000, 0x00000000c4d00000| Untracked 
|  78|0x00000000c4e00000, 0x00000000c4e00000, 0x00000000c4f00000|  0%| F|  |TAMS 0x00000000c4e00000, 0x00000000c4e00000| Untracked 
|  79|0x00000000c4f00000, 0x00000000c4f00000, 0x00000000c5000000|  0%| F|  |TAMS 0x00000000c4f00000, 0x00000000c4f00000| Untracked 
|  80|0x00000000c5000000, 0x00000000c5000000, 0x00000000c5100000|  0%| F|  |TAMS 0x00000000c5000000, 0x00000000c5000000| Untracked 
|  81|0x00000000c5100000, 0x00000000c5100000, 0x00000000c5200000|  0%| F|  |TAMS 0x00000000c5100000, 0x00000000c5100000| Untracked 
|  82|0x00000000c5200000, 0x00000000c5200000, 0x00000000c5300000|  0%| F|  |TAMS 0x00000000c5200000, 0x00000000c5200000| Untracked 
|  83|0x00000000c5300000, 0x00000000c5300000, 0x00000000c5400000|  0%| F|  |TAMS 0x00000000c5300000, 0x00000000c5300000| Untracked 
|  84|0x00000000c5400000, 0x00000000c5400000, 0x00000000c5500000|  0%| F|  |TAMS 0x00000000c5400000, 0x00000000c5400000| Untracked 
|  85|0x00000000c5500000, 0x00000000c5500000, 0x00000000c5600000|  0%| F|  |TAMS 0x00000000c5500000, 0x00000000c5500000| Untracked 
| 203|0x00000000ccb00000, 0x00000000ccb00000, 0x00000000ccc00000|  0%| F|  |TAMS 0x00000000ccb00000, 0x00000000ccb00000| Untracked 
| 204|0x00000000ccc00000, 0x00000000ccc00000, 0x00000000ccd00000|  0%| F|  |TAMS 0x00000000ccc00000, 0x00000000ccc00000| Untracked 
| 205|0x00000000ccd00000, 0x00000000ccd00000, 0x00000000cce00000|  0%| F|  |TAMS 0x00000000ccd00000, 0x00000000ccd00000| Untracked 
| 206|0x00000000cce00000, 0x00000000cce00000, 0x00000000ccf00000|  0%| F|  |TAMS 0x00000000cce00000, 0x00000000cce00000| Untracked 
| 207|0x00000000ccf00000, 0x00000000ccf00000, 0x00000000cd000000|  0%| F|  |TAMS 0x00000000ccf00000, 0x00000000ccf00000| Untracked 
| 244|0x00000000cf400000, 0x00000000cf400000, 0x00000000cf500000|  0%| F|  |TAMS 0x00000000cf400000, 0x00000000cf400000| Untracked 
| 245|0x00000000cf500000, 0x00000000cf5058a8, 0x00000000cf600000|  2%| E|  |TAMS 0x00000000cf500000, 0x00000000cf500000| Complete 

Card table byte_map: [0x0000024556dd0000,0x0000024556fd0000] _byte_map_base: 0x00000245567d0000

Marking Bits (Prev, Next): (CMBitMap*) 0x0000024550928510, (CMBitMap*) 0x0000024550928550
 Prev Bits: [0x00000245571d0000, 0x00000245581d0000)
 Next Bits: [0x00000245581d0000, 0x00000245591d0000)

Polling page: 0x000002454e870000

Metaspace:

Usage:
  Non-class:     50.98 MB used.
      Class:      7.28 MB used.
       Both:     58.27 MB used.

Virtual space:
  Non-class space:       64.00 MB reserved,      51.25 MB ( 80%) committed,  1 nodes.
      Class space:        1.00 GB reserved,       7.50 MB ( <1%) committed,  1 nodes.
             Both:        1.06 GB reserved,      58.75 MB (  5%) committed. 

Chunk freelists:
   Non-Class:  12.49 MB
       Class:  8.43 MB
        Both:  20.91 MB

MaxMetaspaceSize: unlimited
CompressedClassSpaceSize: 1.00 GB
Initial GC threshold: 21.00 MB
Current GC threshold: 97.75 MB
CDS: off
MetaspaceReclaimPolicy: balanced
 - commit_granule_bytes: 65536.
 - commit_granule_words: 8192.
 - virtual_space_node_default_size: 8388608.
 - enlarge_chunks_in_place: 1.
 - new_chunks_are_fully_committed: 0.
 - uncommit_free_chunks: 1.
 - use_allocation_guard: 0.
 - handle_deallocations: 1.


Internal statistics:

num_allocs_failed_limit: 6.
num_arena_births: 812.
num_arena_deaths: 298.
num_vsnodes_births: 2.
num_vsnodes_deaths: 0.
num_space_committed: 940.
num_space_uncommitted: 0.
num_chunks_returned_to_freelist: 366.
num_chunks_taken_from_freelist: 2817.
num_chunk_merges: 105.
num_chunk_splits: 1829.
num_chunks_enlarged: 1358.
num_inconsistent_stats: 0.

CodeCache: size=49152Kb used=17150Kb max_used=22969Kb free=32001Kb
 bounds [0x0000024553570000, 0x0000024554be0000, 0x0000024556570000]
 total_blobs=9588 nmethods=8911 adapters=604
 compilation: enabled
              stopped_count=0, restarted_count=0
 full_count=0

Compilation events (20 events):
Event: 3030.272 Thread 0x000002455c2bafa0 8902       1       java.io.FileOutputStream$1::close (11 bytes)
Event: 3030.272 Thread 0x000002455c2bafa0 nmethod 8902 0x0000024554689690 code [0x0000024554689840, 0x0000024554689b58]
Event: 3030.872 Thread 0x000002455c2bafa0 8903       1       org.eclipse.lsp4j.FileEvent::getUri (5 bytes)
Event: 3030.872 Thread 0x000002455c2bafa0 nmethod 8903 0x0000024554689390 code [0x0000024554689520, 0x00000245546895f8]
Event: 3031.385 Thread 0x000002455c2bafa0 8904       1       com.google.gson.internal.bind.TypeAdapters::newFactory (11 bytes)
Event: 3031.386 Thread 0x000002455c2bafa0 nmethod 8904 0x0000024554688f10 code [0x00000245546890a0, 0x00000245546892b8]
Event: 3031.386 Thread 0x000002455c2bafa0 8905       1       com.google.gson.internal.bind.TypeAdapters$32::<init> (20 bytes)
Event: 3031.386 Thread 0x000002455c2bafa0 nmethod 8905 0x0000024554688b10 code [0x0000024554688ca0, 0x0000024554688e78]
Event: 3031.643 Thread 0x000002455c2bafa0 8906       1       org.springframework.ide.vscode.commons.util.BasicFileObserver$$Lambda$1150/0x00000001007822b8::test (12 bytes)
Event: 3031.643 Thread 0x000002455c2bafa0 nmethod 8906 0x0000024554688110 code [0x0000024554688320, 0x0000024554688808]
Event: 3031.643 Thread 0x000002455c2bafa0 8907       1       org.springframework.ide.vscode.commons.util.BasicFileObserver::lambda$notify$2 (32 bytes)
Event: 3031.644 Thread 0x000002455c2bafa0 nmethod 8907 0x0000024554687790 code [0x0000024554687980, 0x0000024554687e08]
Event: 3031.644 Thread 0x000002455c2bafa0 8908       1       org.springframework.ide.vscode.commons.util.BasicFileObserver$$Lambda$1152/0x0000000100782720::<init> (10 bytes)
Event: 3031.644 Thread 0x000002455c2bafa0 nmethod 8908 0x0000024554687490 code [0x0000024554687620, 0x0000024554687738]
Event: 3032.272 Thread 0x000002455c2bafa0 8909       1       java.lang.Thread::checkAccess (14 bytes)
Event: 3032.272 Thread 0x000002455c2bafa0 nmethod 8909 0x0000024554687110 code [0x00000245546872a0, 0x00000245546873c8]
Event: 3032.272 Thread 0x000002455c2bafa0 8910       1       java.lang.ThreadGroup::getMaxPriority (5 bytes)
Event: 3032.272 Thread 0x000002455c2bafa0 nmethod 8910 0x0000024554686e10 code [0x0000024554686fa0, 0x0000024554687078]
Event: 3078.025 Thread 0x000002455c2bafa0 8911       1       java.lang.System::getProperty (26 bytes)
Event: 3078.025 Thread 0x000002455c2bafa0 nmethod 8911 0x0000024554686590 code [0x00000245546867a0, 0x0000024554686b88]

GC Heap History (20 events):
Event: 2984.316 GC heap before
{Heap before GC invocations=230 (full 192):
 garbage-first heap   total 95232K, used 78930K [0x00000000c0000000, 0x0000000100000000)
  region size 1024K, 42 young (43008K), 3 survivors (3072K)
 Metaspace       used 59677K, committed 60160K, reserved 1114112K
  class space    used 7462K, committed 7680K, reserved 1048576K
}
Event: 2984.318 GC heap after
{Heap after GC invocations=231 (full 192):
 garbage-first heap   total 95232K, used 37323K [0x00000000c0000000, 0x0000000100000000)
  region size 1024K, 1 young (1024K), 1 survivors (1024K)
 Metaspace       used 59677K, committed 60160K, reserved 1114112K
  class space    used 7462K, committed 7680K, reserved 1048576K
}
Event: 2997.201 GC heap before
{Heap before GC invocations=231 (full 192):
 garbage-first heap   total 95232K, used 79307K [0x00000000c0000000, 0x0000000100000000)
  region size 1024K, 42 young (43008K), 1 survivors (1024K)
 Metaspace       used 59680K, committed 60160K, reserved 1114112K
  class space    used 7462K, committed 7680K, reserved 1048576K
}
Event: 2997.202 GC heap after
{Heap after GC invocations=232 (full 192):
 garbage-first heap   total 95232K, used 38675K [0x00000000c0000000, 0x0000000100000000)
  region size 1024K, 3 young (3072K), 3 survivors (3072K)
 Metaspace       used 59680K, committed 60160K, reserved 1114112K
  class space    used 7462K, committed 7680K, reserved 1048576K
}
Event: 3028.293 GC heap before
{Heap before GC invocations=232 (full 192):
 garbage-first heap   total 95232K, used 77587K [0x00000000c0000000, 0x0000000100000000)
  region size 1024K, 41 young (41984K), 3 survivors (3072K)
 Metaspace       used 59687K, committed 60160K, reserved 1114112K
  class space    used 7463K, committed 7680K, reserved 1048576K
}
Event: 3028.295 GC heap after
{Heap after GC invocations=233 (full 192):
 garbage-first heap   total 95232K, used 39908K [0x00000000c0000000, 0x0000000100000000)
  region size 1024K, 4 young (4096K), 4 survivors (4096K)
 Metaspace       used 59687K, committed 60160K, reserved 1114112K
  class space    used 7463K, committed 7680K, reserved 1048576K
}
Event: 3030.234 GC heap before
{Heap before GC invocations=233 (full 192):
 garbage-first heap   total 95232K, used 76772K [0x00000000c0000000, 0x0000000100000000)
  region size 1024K, 40 young (40960K), 4 survivors (4096K)
 Metaspace       used 59687K, committed 60160K, reserved 1114112K
  class space    used 7463K, committed 7680K, reserved 1048576K
}
Event: 3030.236 GC heap after
{Heap after GC invocations=234 (full 192):
 garbage-first heap   total 95232K, used 38461K [0x00000000c0000000, 0x0000000100000000)
  region size 1024K, 2 young (2048K), 2 survivors (2048K)
 Metaspace       used 59687K, committed 60160K, reserved 1114112K
  class space    used 7463K, committed 7680K, reserved 1048576K
}
Event: 3032.249 GC heap before
{Heap before GC invocations=234 (full 192):
 garbage-first heap   total 95232K, used 76349K [0x00000000c0000000, 0x0000000100000000)
  region size 1024K, 39 young (39936K), 2 survivors (2048K)
 Metaspace       used 59687K, committed 60160K, reserved 1114112K
  class space    used 7463K, committed 7680K, reserved 1048576K
}
Event: 3032.250 GC heap after
{Heap after GC invocations=235 (full 192):
 garbage-first heap   total 95232K, used 37291K [0x00000000c0000000, 0x0000000100000000)
  region size 1024K, 1 young (1024K), 1 survivors (1024K)
 Metaspace       used 59687K, committed 60160K, reserved 1114112K
  class space    used 7463K, committed 7680K, reserved 1048576K
}
Event: 3067.990 GC heap before
{Heap before GC invocations=235 (full 192):
 garbage-first heap   total 95232K, used 51627K [0x00000000c0000000, 0x0000000100000000)
  region size 1024K, 16 young (16384K), 1 survivors (1024K)
 Metaspace       used 59687K, committed 60160K, reserved 1114112K
  class space    used 7463K, committed 7680K, reserved 1048576K
}
Event: 3068.018 GC heap after
{Heap after GC invocations=236 (full 193):
 garbage-first heap   total 95232K, used 36877K [0x00000000c0000000, 0x0000000100000000)
  region size 1024K, 0 young (0K), 0 survivors (0K)
 Metaspace       used 59687K, committed 60160K, reserved 1114112K
  class space    used 7463K, committed 7680K, reserved 1048576K
}
Event: 3078.127 GC heap before
{Heap before GC invocations=236 (full 193):
 garbage-first heap   total 95232K, used 36877K [0x00000000c0000000, 0x0000000100000000)
  region size 1024K, 1 young (1024K), 0 survivors (0K)
 Metaspace       used 59687K, committed 60160K, reserved 1114112K
  class space    used 7463K, committed 7680K, reserved 1048576K
}
Event: 3078.154 GC heap after
{Heap after GC invocations=237 (full 194):
 garbage-first heap   total 95232K, used 36876K [0x00000000c0000000, 0x0000000100000000)
  region size 1024K, 0 young (0K), 0 survivors (0K)
 Metaspace       used 59687K, committed 60160K, reserved 1114112K
  class space    used 7463K, committed 7680K, reserved 1048576K
}
Event: 3088.265 GC heap before
{Heap before GC invocations=237 (full 194):
 garbage-first heap   total 95232K, used 36876K [0x00000000c0000000, 0x0000000100000000)
  region size 1024K, 1 young (1024K), 0 survivors (0K)
 Metaspace       used 59687K, committed 60160K, reserved 1114112K
  class space    used 7463K, committed 7680K, reserved 1048576K
}
Event: 3088.294 GC heap after
{Heap after GC invocations=238 (full 195):
 garbage-first heap   total 95232K, used 36876K [0x00000000c0000000, 0x0000000100000000)
  region size 1024K, 0 young (0K), 0 survivors (0K)
 Metaspace       used 59687K, committed 60160K, reserved 1114112K
  class space    used 7463K, committed 7680K, reserved 1048576K
}
Event: 3098.407 GC heap before
{Heap before GC invocations=238 (full 195):
 garbage-first heap   total 95232K, used 36876K [0x00000000c0000000, 0x0000000100000000)
  region size 1024K, 1 young (1024K), 0 survivors (0K)
 Metaspace       used 59687K, committed 60160K, reserved 1114112K
  class space    used 7463K, committed 7680K, reserved 1048576K
}
Event: 3098.446 GC heap after
{Heap after GC invocations=239 (full 196):
 garbage-first heap   total 95232K, used 36347K [0x00000000c0000000, 0x0000000100000000)
  region size 1024K, 0 young (0K), 0 survivors (0K)
 Metaspace       used 59663K, committed 60160K, reserved 1114112K
  class space    used 7459K, committed 7680K, reserved 1048576K
}
Event: 3108.774 GC heap before
{Heap before GC invocations=239 (full 196):
 garbage-first heap   total 95232K, used 36347K [0x00000000c0000000, 0x0000000100000000)
  region size 1024K, 1 young (1024K), 0 survivors (0K)
 Metaspace       used 59663K, committed 60160K, reserved 1114112K
  class space    used 7459K, committed 7680K, reserved 1048576K
}
Event: 3108.829 GC heap after
{Heap after GC invocations=240 (full 197):
 garbage-first heap   total 95232K, used 36347K [0x00000000c0000000, 0x0000000100000000)
  region size 1024K, 0 young (0K), 0 survivors (0K)
 Metaspace       used 59663K, committed 60160K, reserved 1114112K
  class space    used 7459K, committed 7680K, reserved 1048576K
}

Dll operation events (10 events):
Event: 0.012 Loaded shared library c:\Users\ALVARO\.vscode\extensions\redhat.java-1.32.0-win32-x64\jre\17.0.11-win32-x86_64\bin\java.dll
Event: 0.426 Loaded shared library C:\Users\ALVARO\.vscode\extensions\redhat.java-1.32.0-win32-x64\jre\17.0.11-win32-x86_64\bin\net.dll
Event: 0.431 Loaded shared library C:\Users\ALVARO\.vscode\extensions\redhat.java-1.32.0-win32-x64\jre\17.0.11-win32-x86_64\bin\nio.dll
Event: 1.480 Loaded shared library C:\Users\ALVARO\.vscode\extensions\redhat.java-1.32.0-win32-x64\jre\17.0.11-win32-x86_64\bin\zip.dll
Event: 11.025 Loaded shared library C:\Users\ALVARO\.vscode\extensions\redhat.java-1.32.0-win32-x64\jre\17.0.11-win32-x86_64\bin\jimage.dll
Event: 12.799 Loaded shared library c:\Users\ALVARO\.vscode\extensions\redhat.java-1.32.0-win32-x64\jre\17.0.11-win32-x86_64\bin\verify.dll
Event: 18.555 Loaded shared library C:\Users\ALVARO\.vscode\extensions\redhat.java-1.32.0-win32-x64\jre\17.0.11-win32-x86_64\bin\management.dll
Event: 18.559 Loaded shared library C:\Users\ALVARO\.vscode\extensions\redhat.java-1.32.0-win32-x64\jre\17.0.11-win32-x86_64\bin\management_ext.dll
Event: 20.253 Loaded shared library C:\Users\ALVARO\.vscode\extensions\redhat.java-1.32.0-win32-x64\jre\17.0.11-win32-x86_64\bin\sunmscapi.dll
Event: 20.538 Loaded shared library C:\Users\ALVARO\.vscode\extensions\redhat.java-1.32.0-win32-x64\jre\17.0.11-win32-x86_64\bin\extnet.dll

Deoptimization events (20 events):
Event: 20.356 Thread 0x0000024561ebfa80 DEOPT PACKING pc=0x000002455377240c sp=0x000000e8cdffab70
Event: 20.356 Thread 0x0000024561ebfa80 DEOPT UNPACKING pc=0x00000245535c7143 sp=0x000000e8cdffa038 mode 0
Event: 20.916 Thread 0x0000024561ec13d0 DEOPT PACKING pc=0x0000024553bf92a4 sp=0x000000e8cd8ff0e0
Event: 20.916 Thread 0x0000024561ec13d0 DEOPT UNPACKING pc=0x00000245535c7143 sp=0x000000e8cd8fe5c8 mode 0
Event: 20.916 Thread 0x0000024561d34560 DEOPT PACKING pc=0x0000024553bf92a4 sp=0x000000e8cd6ff2c0
Event: 20.916 Thread 0x0000024561d34560 DEOPT UNPACKING pc=0x00000245535c7143 sp=0x000000e8cd6fe7a8 mode 0
Event: 20.929 Thread 0x0000024561ec64d0 DEOPT PACKING pc=0x0000024553bf92a4 sp=0x000000e8ce0fe760
Event: 20.929 Thread 0x0000024561ec64d0 DEOPT UNPACKING pc=0x00000245535c7143 sp=0x000000e8ce0fdc48 mode 0
Event: 20.929 Thread 0x0000024561ec64d0 DEOPT PACKING pc=0x0000024553bf92a4 sp=0x000000e8ce0fed30
Event: 20.929 Thread 0x0000024561ec64d0 DEOPT UNPACKING pc=0x00000245535c7143 sp=0x000000e8ce0fe218 mode 0
Event: 21.211 Thread 0x0000024561d34050 DEOPT PACKING pc=0x00000245541cb78c sp=0x000000e8cd3fe230
Event: 21.211 Thread 0x0000024561d34050 DEOPT UNPACKING pc=0x00000245535c7143 sp=0x000000e8cd3fd7b0 mode 0
Event: 21.211 Thread 0x0000024561d34050 DEOPT PACKING pc=0x00000245541cb78c sp=0x000000e8cd3fe490
Event: 21.211 Thread 0x0000024561d34050 DEOPT UNPACKING pc=0x00000245535c7143 sp=0x000000e8cd3fda10 mode 0
Event: 21.213 Thread 0x0000024561d34050 DEOPT PACKING pc=0x00000245541cb78c sp=0x000000e8cd3fe8e0
Event: 21.213 Thread 0x0000024561d34050 DEOPT UNPACKING pc=0x00000245535c7143 sp=0x000000e8cd3fde60 mode 0
Event: 127.251 Thread 0x0000024561b599d0 DEOPT PACKING pc=0x0000024553dc9054 sp=0x000000e8ccdfef50
Event: 127.251 Thread 0x0000024561b599d0 DEOPT UNPACKING pc=0x00000245535c7143 sp=0x000000e8ccdfe3f8 mode 0
Event: 201.284 Thread 0x0000024561ec4b80 DEOPT PACKING pc=0x000002455382167c sp=0x000000e8cddfe0c0
Event: 201.284 Thread 0x0000024561ec4b80 DEOPT UNPACKING pc=0x00000245535c7143 sp=0x000000e8cddfd580 mode 0

Classes unloaded (20 events):
Event: 860.914 Thread 0x000002455c2466b0 Unloading class 0x0000000100268000 'jdk/internal/reflect/GeneratedMethodAccessor28'
Event: 860.914 Thread 0x000002455c2466b0 Unloading class 0x0000000100258400 'jdk/internal/reflect/GeneratedConstructorAccessor57'
Event: 860.914 Thread 0x000002455c2466b0 Unloading class 0x0000000100096000 'jdk/internal/reflect/GeneratedMethodAccessor27'
Event: 860.914 Thread 0x000002455c2466b0 Unloading class 0x0000000100094400 'jdk/internal/reflect/GeneratedMethodAccessor26'
Event: 860.914 Thread 0x000002455c2466b0 Unloading class 0x000000010008e800 'jdk/internal/reflect/GeneratedMethodAccessor25'
Event: 2523.972 Thread 0x000002455c2466b0 Unloading class 0x0000000100094400 'jdk/internal/reflect/GeneratedMethodAccessor37'
Event: 2523.972 Thread 0x000002455c2466b0 Unloading class 0x0000000100096000 'jdk/internal/reflect/GeneratedConstructorAccessor65'
Event: 2523.972 Thread 0x000002455c2466b0 Unloading class 0x0000000100258400 'jdk/internal/reflect/GeneratedMethodAccessor36'
Event: 2523.972 Thread 0x000002455c2466b0 Unloading class 0x0000000100268000 'jdk/internal/reflect/GeneratedConstructorAccessor64'
Event: 2523.972 Thread 0x000002455c2466b0 Unloading class 0x0000000100268c00 'jdk/internal/reflect/GeneratedMethodAccessor35'
Event: 2523.972 Thread 0x000002455c2466b0 Unloading class 0x0000000100789400 'jdk/internal/reflect/GeneratedMethodAccessor34'
Event: 2523.972 Thread 0x000002455c2466b0 Unloading class 0x000000010078ac00 'jdk/internal/reflect/GeneratedMethodAccessor33'
Event: 3098.420 Thread 0x000002455c2466b0 Unloading class 0x0000000100794000 'jdk/internal/reflect/GeneratedConstructorAccessor69'
Event: 3098.420 Thread 0x000002455c2466b0 Unloading class 0x000000010078ac00 'jdk/internal/reflect/GeneratedMethodAccessor42'
Event: 3098.420 Thread 0x000002455c2466b0 Unloading class 0x0000000100789400 'jdk/internal/reflect/GeneratedConstructorAccessor67'
Event: 3098.420 Thread 0x000002455c2466b0 Unloading class 0x0000000100268c00 'jdk/internal/reflect/GeneratedMethodAccessor41'
Event: 3098.420 Thread 0x000002455c2466b0 Unloading class 0x0000000100268000 'jdk/internal/reflect/GeneratedConstructorAccessor66'
Event: 3098.420 Thread 0x000002455c2466b0 Unloading class 0x0000000100258400 'jdk/internal/reflect/GeneratedMethodAccessor40'
Event: 3098.420 Thread 0x000002455c2466b0 Unloading class 0x0000000100096000 'jdk/internal/reflect/GeneratedMethodAccessor39'
Event: 3098.420 Thread 0x000002455c2466b0 Unloading class 0x0000000100094400 'jdk/internal/reflect/GeneratedMethodAccessor38'

Classes redefined (0 events):
No events

Internal exceptions (20 events):
Event: 21.250 Thread 0x0000024561d34050 Exception <a 'sun/nio/fs/WindowsException'{0x00000000c4ff97c8}> (0x00000000c4ff97c8) 
thrown [s\src\hotspot\share\prims\jni.cpp, line 516]
Event: 21.250 Thread 0x0000024561d34050 Exception <a 'sun/nio/fs/WindowsException'{0x00000000c4ffa490}> (0x00000000c4ffa490) 
thrown [s\src\hotspot\share\prims\jni.cpp, line 516]
Event: 21.251 Thread 0x0000024561d34050 Exception <a 'sun/nio/fs/WindowsException'{0x00000000c4e019e8}> (0x00000000c4e019e8) 
thrown [s\src\hotspot\share\prims\jni.cpp, line 516]
Event: 21.251 Thread 0x0000024561d34050 Exception <a 'sun/nio/fs/WindowsException'{0x00000000c4e02548}> (0x00000000c4e02548) 
thrown [s\src\hotspot\share\prims\jni.cpp, line 516]
Event: 21.251 Thread 0x0000024561d34050 Exception <a 'sun/nio/fs/WindowsException'{0x00000000c4e03090}> (0x00000000c4e03090) 
thrown [s\src\hotspot\share\prims\jni.cpp, line 516]
Event: 21.251 Thread 0x0000024561d34050 Exception <a 'sun/nio/fs/WindowsException'{0x00000000c4e03bf0}> (0x00000000c4e03bf0) 
thrown [s\src\hotspot\share\prims\jni.cpp, line 516]
Event: 21.251 Thread 0x0000024561d34050 Exception <a 'sun/nio/fs/WindowsException'{0x00000000c4e04830}> (0x00000000c4e04830) 
thrown [s\src\hotspot\share\prims\jni.cpp, line 516]
Event: 21.251 Thread 0x0000024561d34050 Exception <a 'sun/nio/fs/WindowsException'{0x00000000c4e054f8}> (0x00000000c4e054f8) 
thrown [s\src\hotspot\share\prims\jni.cpp, line 516]
Event: 50.004 Thread 0x0000024561e47c30 Exception <a 'sun/nio/fs/WindowsException'{0x00000000c4528bd0}> (0x00000000c4528bd0) 
thrown [s\src\hotspot\share\prims\jni.cpp, line 516]
Event: 50.004 Thread 0x0000024561e47c30 Exception <a 'sun/nio/fs/WindowsException'{0x00000000c45292b8}> (0x00000000c45292b8) 
thrown [s\src\hotspot\share\prims\jni.cpp, line 516]
Event: 88.576 Thread 0x000002455cd8b880 Exception <a 'java/lang/NoSuchMethodError'{0x00000000c46d9dd0}: 'void java.lang.invoke.DirectMethodHandle$Holder.invokeStatic(java.lang.Object, long)'> (0x00000000c46d9dd0) 
thrown [s\src\hotspot\share\interpreter\linkResolver.cpp, line 759]
Event: 88.576 Thread 0x000002455cd8b880 Exception <a 'java/lang/NoSuchMethodError'{0x00000000c46df180}: 'java.lang.Object java.lang.invoke.DirectMethodHandle$Holder.newInvokeSpecial(java.lang.Object, long)'> (0x00000000c46df180) 
thrown [s\src\hotspot\share\interpreter\linkResolver.cpp, line 759]
Event: 126.423 Thread 0x0000024561ec5fc0 Exception <a 'sun/net/ConnectionResetException'{0x00000000cf509a30}: Connection reset> (0x00000000cf509a30) 
thrown [s\src\hotspot\share\prims\jni.cpp, line 535]
Event: 126.423 Thread 0x0000024561ec5ab0 Exception <a 'sun/net/ConnectionResetException'{0x00000000cf510cf0}: Connection reset> (0x00000000cf510cf0) 
thrown [s\src\hotspot\share\prims\jni.cpp, line 535]
Event: 126.424 Thread 0x0000024561ebf570 Exception <a 'sun/net/ConnectionResetException'{0x00000000cf517fe0}: Connection reset> (0x00000000cf517fe0) 
thrown [s\src\hotspot\share\prims\jni.cpp, line 535]
Event: 126.425 Thread 0x0000024561ec5ab0 Exception <a 'java/io/IOException'{0x00000000cf512ba0}: Connection reset by peer> (0x00000000cf512ba0) 
thrown [s\src\hotspot\share\prims\jni.cpp, line 535]
Event: 126.425 Thread 0x0000024561ec5fc0 Exception <a 'java/io/IOException'{0x00000000cf50d168}: Connection reset by peer> (0x00000000cf50d168) 
thrown [s\src\hotspot\share\prims\jni.cpp, line 535]
Event: 126.425 Thread 0x0000024561ebf570 Exception <a 'java/io/IOException'{0x00000000cf51a040}: Connection reset by peer> (0x00000000cf51a040) 
thrown [s\src\hotspot\share\prims\jni.cpp, line 535]
Event: 167.679 Thread 0x0000024561ec64d0 Exception <a 'java/lang/NoSuchMethodError'{0x00000000c4bf4478}: 'java.lang.Object java.lang.invoke.DirectMethodHandle$Holder.newInvokeSpecial(java.lang.Object, java.lang.Object, int, java.lang.Object)'> (0x00000000c4bf4478) 
thrown [s\src\hotspot\share\interpreter\linkResolver.cpp, line 759]
Event: 167.679 Thread 0x0000024561ec64d0 Exception <a 'java/lang/NoSuchMethodError'{0x00000000c4bf7d98}: 'java.lang.Object java.lang.invoke.Invokers$Holder.linkToTargetMethod(java.lang.Object, int, java.lang.Object, java.lang.Object)'> (0x00000000c4bf7d98) 
thrown [s\src\hotspot\share\interpreter\linkResolver.cpp, line 759]

VM Operations (20 events):
Event: 3028.295 Executing VM operation: G1CollectForAllocation done
Event: 3029.308 Executing VM operation: Cleanup
Event: 3029.308 Executing VM operation: Cleanup done
Event: 3030.234 Executing VM operation: G1CollectForAllocation
Event: 3030.236 Executing VM operation: G1CollectForAllocation done
Event: 3032.249 Executing VM operation: G1CollectForAllocation
Event: 3032.250 Executing VM operation: G1CollectForAllocation done
Event: 3066.052 Executing VM operation: HandshakeAllThreads
Event: 3066.052 Executing VM operation: HandshakeAllThreads done
Event: 3067.990 Executing VM operation: G1CollectFull
Event: 3068.018 Executing VM operation: G1CollectFull done
Event: 3078.127 Executing VM operation: G1CollectFull
Event: 3078.154 Executing VM operation: G1CollectFull done
Event: 3088.265 Executing VM operation: G1CollectFull
Event: 3088.294 Executing VM operation: G1CollectFull done
Event: 3098.407 Executing VM operation: G1CollectFull
Event: 3098.447 Executing VM operation: G1CollectFull done
Event: 3108.774 Executing VM operation: G1CollectFull
Event: 3108.829 Executing VM operation: G1CollectFull done
Event: 3118.846 Executing VM operation: G1CollectFull

Events (20 events):
Event: 2982.411 Thread 0x0000024561fc9b10 Thread added: 0x0000024561fc9b10
Event: 2982.411 Thread 0x0000024561fc95c0 Thread added: 0x0000024561fc95c0
Event: 2982.411 Thread 0x0000024561fcbaf0 Thread added: 0x0000024561fcbaf0
Event: 2982.411 Thread 0x0000024561fcb050 Thread added: 0x0000024561fcb050
Event: 2982.412 Thread 0x0000024561fcc040 Thread added: 0x0000024561fcc040
Event: 2987.466 Thread 0x0000024561fcc040 Thread exited: 0x0000024561fcc040
Event: 2987.466 Thread 0x0000024561fc95c0 Thread exited: 0x0000024561fc95c0
Event: 2987.466 Thread 0x0000024561fcb050 Thread exited: 0x0000024561fcb050
Event: 2987.466 Thread 0x0000024561fcbaf0 Thread exited: 0x0000024561fcbaf0
Event: 2992.480 Thread 0x0000024561fc9b10 Thread exited: 0x0000024561fc9b10
Event: 2994.155 Thread 0x0000024561fcab00 Thread exited: 0x0000024561fcab00
Event: 2994.155 Thread 0x0000024561fcb5a0 Thread exited: 0x0000024561fcb5a0
Event: 2994.156 Thread 0x0000024561fca5b0 Thread exited: 0x0000024561fca5b0
Event: 3032.272 Thread 0x0000024562cc5350 Thread added: 0x0000024562cc5350
Event: 3092.285 Thread 0x0000024562cc9010 Thread exited: 0x0000024562cc9010
Event: 3092.285 Thread 0x0000024562cc5350 Thread exited: 0x0000024562cc5350
Event: 3092.317 Thread 0x0000024562cc4930 Thread exited: 0x0000024562cc4930
Event: 3094.518 Thread 0x0000024562cc71b0 Thread exited: 0x0000024562cc71b0
Event: 3094.813 Thread 0x0000024562cc34f0 Thread exited: 0x0000024562cc34f0
Event: 3094.813 Thread 0x0000024562cc9a30 Thread exited: 0x0000024562cc9a30


Dynamic libraries:
0x00007ff6b4050000 - 0x00007ff6b405e000 	c:\Users\ALVARO\.vscode\extensions\redhat.java-1.32.0-win32-x64\jre\17.0.11-win32-x86_64\bin\java.exe
0x00007fffb90f0000 - 0x00007fffb9307000 	C:\WINDOWS\SYSTEM32\ntdll.dll
0x00007fffb76f0000 - 0x00007fffb77b4000 	C:\WINDOWS\System32\KERNEL32.DLL
0x00007fffb6830000 - 0x00007fffb6bdd000 	C:\WINDOWS\System32\KERNELBASE.dll
0x00007fffb65c0000 - 0x00007fffb66d1000 	C:\WINDOWS\System32\ucrtbase.dll
0x00007fffb0310000 - 0x00007fffb032b000 	c:\Users\ALVARO\.vscode\extensions\redhat.java-1.32.0-win32-x64\jre\17.0.11-win32-x86_64\bin\VCRUNTIME140.dll
0x00007fffad200000 - 0x00007fffad217000 	c:\Users\ALVARO\.vscode\extensions\redhat.java-1.32.0-win32-x64\jre\17.0.11-win32-x86_64\bin\jli.dll
0x00007fffb72a0000 - 0x00007fffb744e000 	C:\WINDOWS\System32\USER32.dll
0x00007fff9a920000 - 0x00007fff9abb3000 	C:\WINDOWS\WinSxS\amd64_microsoft.windows.common-controls_6595b64144ccf1df_6.0.22621.3672_none_2713b9d173822955\COMCTL32.dll
0x00007fffb66e0000 - 0x00007fffb6706000 	C:\WINDOWS\System32\win32u.dll
0x00007fffb7580000 - 0x00007fffb7627000 	C:\WINDOWS\System32\msvcrt.dll
0x00007fffb7b10000 - 0x00007fffb7b39000 	C:\WINDOWS\System32\GDI32.dll
0x00007fffb6710000 - 0x00007fffb6829000 	C:\WINDOWS\System32\gdi32full.dll
0x00007fffb6be0000 - 0x00007fffb6c7a000 	C:\WINDOWS\System32\msvcp_win.dll
0x00007fffb78f0000 - 0x00007fffb7921000 	C:\WINDOWS\System32\IMM32.DLL
0x00007fffac750000 - 0x00007fffac75c000 	c:\Users\ALVARO\.vscode\extensions\redhat.java-1.32.0-win32-x64\jre\17.0.11-win32-x86_64\bin\vcruntime140_1.dll
0x00007fff6d970000 - 0x00007fff6d9fd000 	c:\Users\ALVARO\.vscode\extensions\redhat.java-1.32.0-win32-x64\jre\17.0.11-win32-x86_64\bin\msvcp140.dll
0x00007fff2dfc0000 - 0x00007fff2ec22000 	c:\Users\ALVARO\.vscode\extensions\redhat.java-1.32.0-win32-x64\jre\17.0.11-win32-x86_64\bin\server\jvm.dll
0x00007fffb7630000 - 0x00007fffb76e2000 	C:\WINDOWS\System32\ADVAPI32.dll
0x00007fffb7820000 - 0x00007fffb78c9000 	C:\WINDOWS\System32\sechost.dll
0x00007fffb6420000 - 0x00007fffb6448000 	C:\WINDOWS\System32\bcrypt.dll
0x00007fffb7450000 - 0x00007fffb7564000 	C:\WINDOWS\System32\RPCRT4.dll
0x00007fffafe80000 - 0x00007fffafe89000 	C:\WINDOWS\SYSTEM32\WSOCK32.dll
0x00007fffb0930000 - 0x00007fffb0964000 	C:\WINDOWS\SYSTEM32\WINMM.dll
0x00007fffb7220000 - 0x00007fffb7291000 	C:\WINDOWS\System32\WS2_32.dll
0x00007fffb17c0000 - 0x00007fffb17ca000 	C:\WINDOWS\SYSTEM32\VERSION.dll
0x00007fffb62e0000 - 0x00007fffb632d000 	C:\WINDOWS\SYSTEM32\POWRPROF.dll
0x00007fffb62c0000 - 0x00007fffb62d3000 	C:\WINDOWS\SYSTEM32\UMPDC.dll
0x00007fffb5420000 - 0x00007fffb5438000 	C:\WINDOWS\SYSTEM32\kernel.appcore.dll
0x00007fffa0ed0000 - 0x00007fffa0eda000 	c:\Users\ALVARO\.vscode\extensions\redhat.java-1.32.0-win32-x64\jre\17.0.11-win32-x86_64\bin\jimage.dll
0x00007fffb3e20000 - 0x00007fffb4052000 	C:\WINDOWS\SYSTEM32\DBGHELP.DLL
0x00007fffb7ca0000 - 0x00007fffb8028000 	C:\WINDOWS\System32\combase.dll
0x00007fffb7930000 - 0x00007fffb7a07000 	C:\WINDOWS\System32\OLEAUT32.dll
0x00007fffad770000 - 0x00007fffad7a2000 	C:\WINDOWS\SYSTEM32\dbgcore.DLL
0x00007fffb6db0000 - 0x00007fffb6e2b000 	C:\WINDOWS\System32\bcryptPrimitives.dll
0x00007fff92890000 - 0x00007fff928b5000 	c:\Users\ALVARO\.vscode\extensions\redhat.java-1.32.0-win32-x64\jre\17.0.11-win32-x86_64\bin\java.dll
0x00007fff9bcc0000 - 0x00007fff9bcd8000 	c:\Users\ALVARO\.vscode\extensions\redhat.java-1.32.0-win32-x64\jre\17.0.11-win32-x86_64\bin\zip.dll
0x00007fffb8670000 - 0x00007fffb8ecf000 	C:\WINDOWS\System32\SHELL32.dll
0x00007fffb4320000 - 0x00007fffb4c1c000 	C:\WINDOWS\SYSTEM32\windows.storage.dll
0x00007fffb41e0000 - 0x00007fffb431f000 	C:\WINDOWS\SYSTEM32\wintypes.dll
0x00007fffb8ef0000 - 0x00007fffb8fe4000 	C:\WINDOWS\System32\SHCORE.dll
0x00007fffb7040000 - 0x00007fffb709e000 	C:\WINDOWS\System32\shlwapi.dll
0x00007fffb6350000 - 0x00007fffb6371000 	C:\WINDOWS\SYSTEM32\profapi.dll
0x00007fff99d30000 - 0x00007fff99d49000 	C:\Users\ALVARO\.vscode\extensions\redhat.java-1.32.0-win32-x64\jre\17.0.11-win32-x86_64\bin\net.dll
0x00007fffb14e0000 - 0x00007fffb1616000 	C:\WINDOWS\SYSTEM32\WINHTTP.dll
0x00007fffb5890000 - 0x00007fffb58f9000 	C:\WINDOWS\system32\mswsock.dll
0x00007fff921e0000 - 0x00007fff921f6000 	C:\Users\ALVARO\.vscode\extensions\redhat.java-1.32.0-win32-x64\jre\17.0.11-win32-x86_64\bin\nio.dll
0x00007fff9e040000 - 0x00007fff9e050000 	c:\Users\ALVARO\.vscode\extensions\redhat.java-1.32.0-win32-x64\jre\17.0.11-win32-x86_64\bin\verify.dll
0x00007fffb5b20000 - 0x00007fffb5b3b000 	C:\WINDOWS\SYSTEM32\CRYPTSP.dll
0x00007fffb5370000 - 0x00007fffb53a5000 	C:\WINDOWS\system32\rsaenh.dll
0x00007fffb59a0000 - 0x00007fffb59c8000 	C:\WINDOWS\SYSTEM32\USERENV.dll
0x00007fffb5b40000 - 0x00007fffb5b4c000 	C:\WINDOWS\SYSTEM32\CRYPTBASE.dll
0x00007fffb4e80000 - 0x00007fffb4ead000 	C:\WINDOWS\SYSTEM32\IPHLPAPI.DLL
0x00007fffb78d0000 - 0x00007fffb78d9000 	C:\WINDOWS\System32\NSI.dll
0x00007fffb1470000 - 0x00007fffb1489000 	C:\WINDOWS\SYSTEM32\dhcpcsvc6.DLL
0x00007fffb1280000 - 0x00007fffb129f000 	C:\WINDOWS\SYSTEM32\dhcpcsvc.DLL
0x00007fffb4ef0000 - 0x00007fffb4fe8000 	C:\WINDOWS\SYSTEM32\DNSAPI.dll
0x00007fffb0a20000 - 0x00007fffb0a29000 	C:\Users\ALVARO\.vscode\extensions\redhat.java-1.32.0-win32-x64\jre\17.0.11-win32-x86_64\bin\management.dll
0x00007fff9bb90000 - 0x00007fff9bb9b000 	C:\Users\ALVARO\.vscode\extensions\redhat.java-1.32.0-win32-x64\jre\17.0.11-win32-x86_64\bin\management_ext.dll
0x00007fffb78e0000 - 0x00007fffb78e8000 	C:\WINDOWS\System32\PSAPI.DLL
0x00007fff91ed0000 - 0x00007fff91ede000 	C:\Users\ALVARO\.vscode\extensions\redhat.java-1.32.0-win32-x64\jre\17.0.11-win32-x86_64\bin\sunmscapi.dll
0x00007fffb6450000 - 0x00007fffb65b7000 	C:\WINDOWS\System32\CRYPT32.dll
0x00007fffb5cc0000 - 0x00007fffb5cee000 	C:\WINDOWS\SYSTEM32\ncrypt.dll
0x00007fffb5c80000 - 0x00007fffb5cb7000 	C:\WINDOWS\SYSTEM32\NTASN1.dll
0x00007fffb1240000 - 0x00007fffb124a000 	C:\Windows\System32\rasadhlp.dll
0x00007fffb04a0000 - 0x00007fffb0523000 	C:\WINDOWS\System32\fwpuclnt.dll
0x00007fff91ec0000 - 0x00007fff91ec9000 	C:\Users\ALVARO\.vscode\extensions\redhat.java-1.32.0-win32-x64\jre\17.0.11-win32-x86_64\bin\extnet.dll

dbghelp: loaded successfully - version: 4.0.5 - missing functions: none
symbol engine: initialized successfully - sym options: 0x614 - pdb path: .;c:\Users\ALVARO\.vscode\extensions\redhat.java-1.32.0-win32-x64\jre\17.0.11-win32-x86_64\bin;C:\WINDOWS\SYSTEM32;C:\WINDOWS\WinSxS\amd64_microsoft.windows.common-controls_6595b64144ccf1df_6.0.22621.3672_none_2713b9d173822955;c:\Users\ALVARO\.vscode\extensions\redhat.java-1.32.0-win32-x64\jre\17.0.11-win32-x86_64\bin\server

VM Arguments:
jvm_args: -Xmx1024m -Dsts.lsp.client=vscode -Dsts.log.file=/dev/null -XX:TieredStopAtLevel=1 -Xlog:jni+resolve=off -Dspring.config.location=file:c:\Users\ALVARO\.vscode\extensions\vmware.vscode-spring-boot-1.55.1\language-server\BOOT-INF\classes\application.properties 
java_command: org.springframework.ide.vscode.boot.app.BootLanguageServerBootApp
java_class_path (initial): c:\Users\ALVARO\.vscode\extensions\vmware.vscode-spring-boot-1.55.1\language-server\BOOT-INF\classes;c:\Users\ALVARO\.vscode\extensions\vmware.vscode-spring-boot-1.55.1\language-server\BOOT-INF\lib\annotations-24.1.0.jar;c:\Users\ALVARO\.vscode\extensions\vmware.vscode-spring-boot-1.55.1\language-server\BOOT-INF\lib\antlr4-runtime-4.13.1.jar;c:\Users\ALVARO\.vscode\extensions\vmware.vscode-spring-boot-1.55.1\language-server\BOOT-INF\lib\asm-9.7.jar;c:\Users\ALVARO\.vscode\extensions\vmware.vscode-spring-boot-1.55.1\language-server\BOOT-INF\lib\asm-analysis-9.7.jar;c:\Users\ALVARO\.vscode\extensions\vmware.vscode-spring-boot-1.55.1\language-server\BOOT-INF\lib\asm-tree-9.7.jar;c:\Users\ALVARO\.vscode\extensions\vmware.vscode-spring-boot-1.55.1\language-server\BOOT-INF\lib\asm-util-9.7.jar;c:\Users\ALVARO\.vscode\extensions\vmware.vscode-spring-boot-1.55.1\language-server\BOOT-INF\lib\caffeine-3.1.8.jar;c:\Users\ALVARO\.vscode\extensions\vmware.vscode-spring-boot-1.55.1\language-server\BOOT-INF\lib\checker-qual-3.12.0.jar;c:\Users\ALVARO\.vscode\extensions\vmware.vscode-spring-boot-1.55.1\language-server\BOOT-INF\lib\classgraph-4.8.149.jar;c:\Users\ALVARO\.vscode\extensions\vmware.vscode-spring-boot-1.55.1\language-server\BOOT-INF\lib\commons-codec-1.16.1.jar;c:\Users\ALVARO\.vscode\extensions\vmware.vscode-spring-boot-1.55.1\language-server\BOOT-INF\lib\commons-compress-1.26.1.jar;c:\Users\ALVARO\.vscode\extensions\vmware.vscode-spring-boot-1.55.1\language-server\BOOT-INF\lib\commons-io-2.16.1.jar;c:\Users\ALVARO\.vscode\extensions\vmware.vscode-spring-boot-1.55.1\language-server\BOOT-INF\lib\commons-java-1.55.1-SNAPSHOT.jar;c:\Users\ALVARO\.vscode\extensions\vmware.vscode-spring-boot-1.55.1\language-server\BOOT-INF\lib\commons-lang3-3.14.0.jar;c:\Users\ALVARO\.vscode\extensions\vmware.vscode-spring-boot-1.55.1\language-server\BOOT-INF\lib\commons-language-server-1.55.1-SNAPSHOT.jar;c:\Users\ALVARO\.vscode\extensions\vmware.vscode-spring-
Launcher Type: SUN_STANDARD

[Global flags]
     intx CICompilerCount                          = 12                                        {product} {ergonomic}
     uint ConcGCThreads                            = 3                                         {product} {ergonomic}
     uint G1ConcRefinementThreads                  = 13                                        {product} {ergonomic}
   size_t G1HeapRegionSize                         = 1048576                                   {product} {ergonomic}
    uintx GCDrainStackTargetSize                   = 64                                        {product} {ergonomic}
   size_t InitialHeapSize                          = 257949696                                 {product} {ergonomic}
   size_t MarkStackSize                            = 4194304                                   {product} {ergonomic}
   size_t MaxHeapSize                              = 1073741824                                {product} {command line}
   size_t MaxNewSize                               = 643825664                                 {product} {ergonomic}
   size_t MinHeapDeltaBytes                        = 1048576                                   {product} {ergonomic}
   size_t MinHeapSize                              = 8388608                                   {product} {ergonomic}
    uintx NonProfiledCodeHeapSize                  = 0                                      {pd product} {ergonomic}
     bool ProfileInterpreter                       = false                                  {pd product} {command line}
    uintx ProfiledCodeHeapSize                     = 0                                      {pd product} {ergonomic}
   size_t SoftMaxHeapSize                          = 1073741824                             {manageable} {ergonomic}
     intx TieredStopAtLevel                        = 1                                         {product} {command line}
     bool UseCompressedClassPointers               = true                           {product lp64_product} {ergonomic}
     bool UseCompressedOops                        = true                           {product lp64_product} {ergonomic}
     bool UseG1GC                                  = true                                      {product} {ergonomic}
     bool UseLargePagesIndividualAllocation        = false                                  {pd product} {ergonomic}

Logging:
Log output configuration:
 #0: stdout all=warning,jni+resolve=off uptime,level,tags
 #1: stderr all=off uptime,level,tags

Environment Variables:
JAVA_HOME=C:\Program Files\Java\jdk-11.0.13
PATH=C:\ProgramData\Oracle\Java\javapath;D:\app\ALVARO\virtual\product\12.2.0\dbhome_1\bin;C:\Program Files\Common Files\Oracle\Java\javapath;C:\Program Files (x86)\Common Files\Oracle\Java\java8path;C:\Program Files (x86)\Common Files\Oracle\Java\javapath;C:\Windows\system32;C:\Windows;C:\Windows\System32\Wbem;C:\Windows\System32\WindowsPowerShell\v1.0\;C:\Windows\System32\OpenSSH\;C:\Program Files\Git\cmd;C:\Program Files\Git\mingw64\bin;C:\Program Files\Git\usr\bin;C:\Program Files\Java\jdk-11.0.13\bin;C:\Users\ALVARO\Desktop\apache-maven-3.8.4\bin;C:\WINDOWS\system32;C:\WINDOWS;C:\WINDOWS\System32\Wbem;C:\WINDOWS\System32\WindowsPowerShell\v1.0\;C:\WINDOWS\System32\OpenSSH\;D:\Php;;C:\Program Files\nodejs\;C:\Program Files\dotnet\;C:\Program Files (x86)\NVIDIA Corporation\PhysX\Common;C:\Users\ALVARO\AppData\Roaming\npm;D:\Ruby33-x64\bin;C:\Users\ALVARO\AppData\Local\Microsoft\WindowsApps;C:\Users\ALVARO\AppData\Local\Programs\Microsoft VS Code\bin;C:\AppServ\Apache24\bin;C:\AppServ\php7;C:\AppServ\MySQL\bin
USERNAME=ALVARO
OS=Windows_NT
PROCESSOR_IDENTIFIER=AMD64 Family 23 Model 96 Stepping 1, AuthenticAMD
TMP=C:\Users\ALVARO\AppData\Local\Temp
TEMP=C:\Users\ALVARO\AppData\Local\Temp



Periodic native trim disabled


---------------  S Y S T E M  ---------------

OS:
 Windows 11 , 64 bit Build 22621 (10.0.22621.3672)
OS uptime: 0 days 2:24 hours
Hyper-V role detected

CPU: total 16 (initial active 16) (16 cores per cpu, 2 threads per core) family 23 model 96 stepping 1 microcode 0x0, cx8, cmov, fxsr, ht, mmx, 3dnowpref, sse, sse2, sse3, ssse3, sse4a, sse4.1, sse4.2, popcnt, lzcnt, tsc, tscinvbit, avx, avx2, aes, clmul, bmi1, bmi2, adx, sha, fma, vzeroupper, clflush, clflushopt, hv
Processor Information for all 16 processors :
  Max Mhz: 2900, Current Mhz: 2900, Mhz Limit: 2900

Memory: 4k page, system-wide physical 15741M (3116M free)
TotalPageFile size 17789M (AvailPageFile size 5M)
current process WorkingSet (physical memory assigned to process): 235M, peak: 238M
current process commit charge ("private bytes"): 289M, peak: 371M

vm_info: OpenJDK 64-Bit Server VM (17.0.11+9) for windows-amd64 JRE (17.0.11+9), built on Apr 17 2024 06:07:48 by "admin" with MS VC++ 16.10 / 16.11 (VS2019)

END.
